batch_size=32,z_size=64,seq_len=8,emb_dim=64,vocab_size=5000,hidden_dim=32,dropout_keep_prob=0.75,free_bits=0,encoder_learning_rate=0.01,enc_rnn_size=[32, 32],residual_encoder=True,dencoder_learning_rate=0.01,compute_rewards_step=1,dec_update_rate=0.8,rollout_num=16,dis_learning_rate=0.0001,dis_train_freq=5,dis_filter_sizes=[1, 2, 3, 4, 6, 8],dis_num_filters=[100, 200, 100, 200, 200, 100]
#########################################################################
Start Training...
epoch  0 kl_loss:  0.119071335 r_loss:  7.622493 nll:  9.250722
epoch  5 kl_loss:  0.0015303346 r_loss:  6.41963 nll:  8.908646
epoch  10 kl_loss:  0.0005764391 r_loss:  5.7355456 nll:  8.762021
epoch  15 kl_loss:  0.00034532504 r_loss:  5.3524528 nll:  8.662639
epoch  20 kl_loss:  0.0017485216 r_loss:  5.097339 nll:  8.613549
epoch  25 kl_loss:  0.00044252857 r_loss:  4.909797 nll:  8.598662
epoch  30 kl_loss:  0.0018031558 r_loss:  4.7651234 nll:  8.600559
epoch  35 kl_loss:  1.7787248e-05 r_loss:  4.676373 nll:  8.563581
epoch  40 kl_loss:  0.0006396456 r_loss:  4.5954185 nll:  8.5444355
epoch  45 kl_loss:  0.00060054724 r_loss:  4.543535 nll:  8.54074
epoch  50 kl_loss:  0.0005417193 r_loss:  4.495383 nll:  8.498476
epoch  55 kl_loss:  0.00010857916 r_loss:  4.4443874 nll:  8.525153
epoch  60 kl_loss:  0.00011326371 r_loss:  4.428093 nll:  8.5126295
epoch  65 kl_loss:  0.005874938 r_loss:  4.405105 nll:  8.527337
epoch  70 kl_loss:  0.00042906447 r_loss:  4.4009056 nll:  8.5138855
epoch  75 kl_loss:  0.00025838477 r_loss:  4.377926 nll:  8.493529
epoch  80 kl_loss:  0.000578176 r_loss:  4.3536167 nll:  8.514339
epoch  85 kl_loss:  0.00031515077 r_loss:  4.367372 nll:  8.529592
epoch  90 kl_loss:  0.0010987106 r_loss:  4.3314524 nll:  8.531304
epoch  95 kl_loss:  0.0028120864 r_loss:  4.316101 nll:  8.536438
epoch  100 kl_loss:  0.0009661919 r_loss:  4.327466 nll:  8.518888
epoch  105 kl_loss:  0.004331238 r_loss:  4.301931 nll:  8.495731
epoch  110 kl_loss:  2.269162e-05 r_loss:  4.307149 nll:  8.501738
epoch  115 kl_loss:  0.00042456613 r_loss:  4.3080015 nll:  8.482118
epoch  120 kl_loss:  9.103606e-05 r_loss:  4.301404 nll:  8.512419
epoch  125 kl_loss:  0.0055787456 r_loss:  4.347076 nll:  8.511764
epoch  130 kl_loss:  0.0009928232 r_loss:  4.3067265 nll:  8.5021105
epoch  135 kl_loss:  0.00036509708 r_loss:  4.3134108 nll:  8.528979
epoch  140 kl_loss:  0.00051877927 r_loss:  4.315724 nll:  8.510186
epoch  145 kl_loss:  0.0007566691 r_loss:  4.3306575 nll:  8.522627
epoch  150 kl_loss:  0.00029210112 r_loss:  4.3189015 nll:  8.509354
epoch  155 kl_loss:  0.00042936244 r_loss:  4.323163 nll:  8.513825
epoch  160 kl_loss:  0.0051559033 r_loss:  4.333927 nll:  8.521822
epoch  165 kl_loss:  0.0013158745 r_loss:  4.343398 nll:  8.535895
epoch  170 kl_loss:  0.00015546878 r_loss:  4.305398 nll:  8.521883
epoch  175 kl_loss:  4.1789244e-05 r_loss:  4.3373594 nll:  8.535136
epoch  180 kl_loss:  2.9061882e-06 r_loss:  4.3473225 nll:  8.533588
epoch  185 kl_loss:  0.00025244456 r_loss:  4.329468 nll:  8.504741
epoch  190 kl_loss:  0.00017435639 r_loss:  4.332517 nll:  8.495103
epoch  195 kl_loss:  0.00018678792 r_loss:  4.3262134 nll:  8.518488
epoch  200 kl_loss:  0.0009224343 r_loss:  4.3337936 nll:  8.525342
epoch  205 kl_loss:  9.279081e-05 r_loss:  4.3709364 nll:  8.526327
epoch  210 kl_loss:  0.00056084635 r_loss:  4.3408985 nll:  8.540773
epoch  215 kl_loss:  0.00038455368 r_loss:  4.3608813 nll:  8.508332
epoch  220 kl_loss:  0.0003985645 r_loss:  4.358653 nll:  8.526273
epoch  225 kl_loss:  0.0004861854 r_loss:  4.380607 nll:  8.537764
epoch  230 kl_loss:  0.00063357654 r_loss:  4.3460093 nll:  8.5374
epoch  235 kl_loss:  0.00198226 r_loss:  4.3763785 nll:  8.527153
epoch  240 kl_loss:  0.004799516 r_loss:  4.3852158 nll:  8.52119
epoch  245 kl_loss:  0.009261107 r_loss:  4.379653 nll:  8.521545
epoch  250 kl_loss:  0.0013409415 r_loss:  4.402512 nll:  8.529225
epoch  255 kl_loss:  0.0018646654 r_loss:  4.37626 nll:  8.541419
epoch  260 kl_loss:  0.0004201863 r_loss:  4.4187245 nll:  8.5404415
epoch  265 kl_loss:  0.003325656 r_loss:  4.3965487 nll:  8.5309515
epoch  270 kl_loss:  0.0003155315 r_loss:  4.381571 nll:  8.51387
epoch  275 kl_loss:  0.00011358693 r_loss:  4.417052 nll:  8.538862
epoch  280 kl_loss:  0.0007565999 r_loss:  4.4094625 nll:  8.543874
epoch  285 kl_loss:  0.002708233 r_loss:  4.405666 nll:  8.553782
epoch  290 kl_loss:  0.006922715 r_loss:  4.394081 nll:  8.534795
epoch  295 kl_loss:  0.0017639297 r_loss:  4.4072804 nll:  8.536847
epoch  300 kl_loss:  0.00011327323 r_loss:  4.414371 nll:  8.568557
epoch  305 kl_loss:  0.0069362414 r_loss:  4.456705 nll:  8.54944
epoch  310 kl_loss:  0.011787991 r_loss:  4.4283633 nll:  8.582514
epoch  315 kl_loss:  0.0005075093 r_loss:  4.4168396 nll:  8.552245
epoch  320 kl_loss:  0.0003904065 r_loss:  4.410515 nll:  8.549462
epoch  325 kl_loss:  0.00016088704 r_loss:  4.4292984 nll:  8.5552435
epoch  330 kl_loss:  0.001976072 r_loss:  4.4489484 nll:  8.557669
epoch  335 kl_loss:  2.337274e-06 r_loss:  4.4369016 nll:  8.541548
epoch  340 kl_loss:  0.00048292754 r_loss:  4.4237137 nll:  8.545078
epoch  345 kl_loss:  9.329052e-06 r_loss:  4.4204984 nll:  8.5483055
epoch  350 kl_loss:  1.2508443e-05 r_loss:  4.4141626 nll:  8.539316
epoch  355 kl_loss:  0.0018220689 r_loss:  4.443295 nll:  8.551108
epoch  360 kl_loss:  0.001998046 r_loss:  4.456786 nll:  8.554999
epoch  365 kl_loss:  0.00094147417 r_loss:  4.461295 nll:  8.557493
epoch  370 kl_loss:  6.068921e-05 r_loss:  4.4463377 nll:  8.535406
epoch  375 kl_loss:  0.00024556112 r_loss:  4.452949 nll:  8.57465
epoch  380 kl_loss:  7.197414e-05 r_loss:  4.4610558 nll:  8.557929
epoch  385 kl_loss:  0.0003346444 r_loss:  4.4670315 nll:  8.560842
epoch  390 kl_loss:  0.0003317848 r_loss:  4.439068 nll:  8.541926
epoch  395 kl_loss:  0.0005933306 r_loss:  4.4473157 nll:  8.56762
