batch_size=32,z_size=64,seq_len=20,emb_dim=64,vocab_size=5000,hidden_dim=32,dropout_keep_prob=0.75,free_bits=0,encoder_learning_rate=0.01,enc_rnn_size=[32, 32],residual_encoder=True,dencoder_learning_rate=0.01,compute_rewards_step=1,dec_update_rate=0.8,rollout_num=16,dis_learning_rate=0.0001,dis_train_freq=5,dis_filter_sizes=[1, 2, 3, 4, 5, 6, 7, 8, 9, 10, 15, 20],dis_num_filters=[100, 200, 200, 200, 200, 100, 100, 100, 100, 100, 160, 160]
#########################################################################
Start Training...
epoch  0 kl_loss:  0.79031587 r_loss:  7.765085 nll:  9.796799
epoch  5 kl_loss:  0.34440985 r_loss:  6.835626 nll:  9.024365
epoch  10 kl_loss:  0.016685937 r_loss:  6.4546924 nll:  8.916148
epoch  15 kl_loss:  0.021019889 r_loss:  6.264933 nll:  8.868068
epoch  20 kl_loss:  0.015536094 r_loss:  6.1536245 nll:  8.827761
epoch  25 kl_loss:  0.027051624 r_loss:  6.0912023 nll:  8.817273
epoch  30 kl_loss:  0.01790095 r_loss:  6.042833 nll:  8.812229
epoch  35 kl_loss:  0.054379463 r_loss:  6.0102 nll:  8.811497
epoch  40 kl_loss:  0.02246403 r_loss:  5.985044 nll:  8.798365
epoch  45 kl_loss:  0.03198062 r_loss:  5.9696503 nll:  8.793476
epoch  50 kl_loss:  0.018598886 r_loss:  5.9641066 nll:  8.810728
epoch  55 kl_loss:  0.023080703 r_loss:  5.9496994 nll:  8.804506
epoch  60 kl_loss:  0.038112234 r_loss:  5.9492955 nll:  8.808883
epoch  65 kl_loss:  0.009467118 r_loss:  5.9348702 nll:  8.810432
epoch  70 kl_loss:  0.04358569 r_loss:  5.9413505 nll:  8.804814
epoch  75 kl_loss:  0.024424262 r_loss:  5.9301844 nll:  8.793368
epoch  80 kl_loss:  0.008613773 r_loss:  5.928164 nll:  8.806983
epoch  85 kl_loss:  0.013594343 r_loss:  5.9303536 nll:  8.812295
epoch  90 kl_loss:  0.027070474 r_loss:  5.9285607 nll:  8.801756
epoch  95 kl_loss:  0.022228127 r_loss:  5.9333096 nll:  8.808675
epoch  100 kl_loss:  0.032594055 r_loss:  5.931711 nll:  8.816395
epoch  105 kl_loss:  0.010657534 r_loss:  5.9361434 nll:  8.7962475
epoch  110 kl_loss:  0.017910523 r_loss:  5.9384513 nll:  8.8251505
epoch  115 kl_loss:  0.0037460334 r_loss:  5.939042 nll:  8.809594
epoch  120 kl_loss:  0.008451766 r_loss:  5.943252 nll:  8.816268
epoch  125 kl_loss:  0.03475227 r_loss:  5.9531393 nll:  8.817923
epoch  130 kl_loss:  0.02967164 r_loss:  5.9498215 nll:  8.81933
epoch  135 kl_loss:  0.00483585 r_loss:  5.9518228 nll:  8.832873
epoch  140 kl_loss:  0.014815404 r_loss:  5.949601 nll:  8.820916
epoch  145 kl_loss:  0.02595221 r_loss:  5.9600143 nll:  8.823356
epoch  150 kl_loss:  0.01296772 r_loss:  5.958305 nll:  8.831428
epoch  155 kl_loss:  0.004060787 r_loss:  5.9634976 nll:  8.811047
epoch  160 kl_loss:  0.07275145 r_loss:  5.9717875 nll:  8.831789
epoch  165 kl_loss:  0.024970595 r_loss:  5.9690204 nll:  8.834627
epoch  170 kl_loss:  0.0038169469 r_loss:  5.9937367 nll:  8.837328
epoch  175 kl_loss:  0.014038217 r_loss:  5.986277 nll:  8.828574
epoch  180 kl_loss:  0.0074087656 r_loss:  5.9835835 nll:  8.820159
epoch  185 kl_loss:  0.10199144 r_loss:  5.9914083 nll:  8.850571
epoch  190 kl_loss:  0.00410171 r_loss:  5.9894886 nll:  8.839335
epoch  195 kl_loss:  0.0133758085 r_loss:  5.9890795 nll:  8.835639
epoch  200 kl_loss:  0.036991443 r_loss:  5.9970837 nll:  8.838818
epoch  205 kl_loss:  0.021355797 r_loss:  5.998314 nll:  8.841782
epoch  210 kl_loss:  0.004280947 r_loss:  6.001255 nll:  8.8478985
epoch  215 kl_loss:  0.0084322365 r_loss:  6.0060654 nll:  8.830502
epoch  220 kl_loss:  0.028791599 r_loss:  6.009358 nll:  8.832299
epoch  225 kl_loss:  0.008237158 r_loss:  6.027152 nll:  8.835903
epoch  230 kl_loss:  0.03759692 r_loss:  6.0208983 nll:  8.857873
epoch  235 kl_loss:  0.008878005 r_loss:  6.0180235 nll:  8.843939
epoch  240 kl_loss:  0.029942675 r_loss:  6.0311046 nll:  8.843818
epoch  245 kl_loss:  0.01969027 r_loss:  6.034096 nll:  8.844684
epoch  250 kl_loss:  0.017113922 r_loss:  6.0522957 nll:  8.856899
epoch  255 kl_loss:  0.016534701 r_loss:  6.0493984 nll:  8.8681135
epoch  260 kl_loss:  0.047137633 r_loss:  6.065823 nll:  8.867284
epoch  265 kl_loss:  0.031043505 r_loss:  6.063816 nll:  8.852549
epoch  270 kl_loss:  0.018324671 r_loss:  6.0581174 nll:  8.862333
epoch  275 kl_loss:  0.009445892 r_loss:  6.0601654 nll:  8.855532
epoch  280 kl_loss:  0.011015508 r_loss:  6.0828614 nll:  8.874417
epoch  285 kl_loss:  0.011361882 r_loss:  6.0737147 nll:  8.862885
epoch  290 kl_loss:  0.010396857 r_loss:  6.0715265 nll:  8.860646
epoch  295 kl_loss:  0.019915204 r_loss:  6.0816565 nll:  8.876058
epoch  300 kl_loss:  0.036567565 r_loss:  6.0940804 nll:  8.872853
epoch  305 kl_loss:  0.010256922 r_loss:  6.0892954 nll:  8.8672695
epoch  310 kl_loss:  0.010154211 r_loss:  6.091693 nll:  8.866043
epoch  315 kl_loss:  0.015723214 r_loss:  6.0910015 nll:  8.86508
epoch  320 kl_loss:  0.012826241 r_loss:  6.102783 nll:  8.865563
epoch  325 kl_loss:  0.094962865 r_loss:  6.0918727 nll:  8.881202
epoch  330 kl_loss:  0.026585102 r_loss:  6.1027513 nll:  8.873594
epoch  335 kl_loss:  0.006684898 r_loss:  6.1045885 nll:  8.871409
epoch  340 kl_loss:  0.0053347466 r_loss:  6.1000047 nll:  8.869942
epoch  345 kl_loss:  0.016259233 r_loss:  6.1001077 nll:  8.878499
epoch  350 kl_loss:  0.013061227 r_loss:  6.1180353 nll:  8.871292
epoch  355 kl_loss:  0.0020590466 r_loss:  6.115519 nll:  8.893924
epoch  360 kl_loss:  0.003914623 r_loss:  6.0997744 nll:  8.879537
epoch  365 kl_loss:  0.009022411 r_loss:  6.1312723 nll:  8.890925
epoch  370 kl_loss:  0.03642275 r_loss:  6.136318 nll:  8.886717
epoch  375 kl_loss:  0.0062060356 r_loss:  6.121315 nll:  8.876923
epoch  380 kl_loss:  0.030885782 r_loss:  6.114619 nll:  8.892107
epoch  385 kl_loss:  0.042308416 r_loss:  6.124651 nll:  8.87944
epoch  390 kl_loss:  0.011386376 r_loss:  6.1229343 nll:  8.888064
epoch  395 kl_loss:  0.014360755 r_loss:  6.1275115 nll:  8.878787
