batch_size=32,z_size=64,seq_len=8,emb_dim=64,vocab_size=5000,hidden_dim=32,dropout_keep_prob=0.75,free_bits=0,encoder_learning_rate=0.01,enc_rnn_size=[32, 32],residual_encoder=True,dencoder_learning_rate=0.01,compute_rewards_step=1,dec_update_rate=0.8,rollout_num=16,dis_learning_rate=0.0001,dis_train_freq=5,dis_filter_sizes=[1, 2, 3, 4, 6, 8],dis_num_filters=[100, 200, 100, 200, 200, 100]
Start pre-training...
pre-train epoch  0 kl_loss:  1.0959094 r_loss:  7.594866 nll:  9.324026
pre-train epoch  5 kl_loss:  0.28833383 r_loss:  6.463017 nll:  8.931531
pre-train epoch  10 kl_loss:  0.6450197 r_loss:  5.7938004 nll:  8.732829
pre-train epoch  15 kl_loss:  0.07404991 r_loss:  5.3972144 nll:  8.732958
pre-train epoch  20 kl_loss:  0.11643553 r_loss:  5.1376257 nll:  8.682609
pre-train epoch  25 kl_loss:  0.024935368 r_loss:  4.955127 nll:  8.633818
pre-train epoch  30 kl_loss:  0.01500207 r_loss:  4.810557 nll:  8.629379
pre-train epoch  35 kl_loss:  0.021392625 r_loss:  4.7044435 nll:  8.621299
Start pre-training discriminator...
#########################################################################
Start Training...
epoch:  0 kl_loss:  0.018398773 pg_loss:  47.393696 nll:  8.622824
epoch:  1 kl_loss:  0.1311414 pg_loss:  18.216358 nll:  8.603163
epoch:  2 kl_loss:  0.2781281 pg_loss:  16.122852 nll:  8.585363
epoch:  3 kl_loss:  0.33710307 pg_loss:  13.912825 nll:  8.5635
epoch:  4 kl_loss:  0.29227865 pg_loss:  3.7214603 nll:  8.605903
epoch:  5 kl_loss:  0.18654296 pg_loss:  6.5799017 nll:  8.536624
epoch:  6 kl_loss:  0.08388102 pg_loss:  2.095913 nll:  8.540185
epoch:  7 kl_loss:  0.05112923 pg_loss:  12.421806 nll:  8.5205145
epoch:  8 kl_loss:  0.07070041 pg_loss:  4.4512796 nll:  8.517439
epoch:  9 kl_loss:  0.12752987 pg_loss:  4.173526 nll:  8.512353
epoch:  10 kl_loss:  0.15124801 pg_loss:  8.594867 nll:  8.477197
epoch:  11 kl_loss:  0.15965362 pg_loss:  7.474206 nll:  8.447367
epoch:  12 kl_loss:  0.13100597 pg_loss:  2.373835 nll:  8.470224
epoch:  13 kl_loss:  0.105216995 pg_loss:  6.531459 nll:  8.443283
epoch:  14 kl_loss:  0.08770381 pg_loss:  4.503428 nll:  8.419701
epoch:  15 kl_loss:  0.083699495 pg_loss:  12.096649 nll:  8.423769
epoch:  16 kl_loss:  0.08212055 pg_loss:  5.4497213 nll:  8.400214
epoch:  17 kl_loss:  0.07914829 pg_loss:  4.2754145 nll:  8.3853445
epoch:  18 kl_loss:  0.07356088 pg_loss:  6.532461 nll:  8.358494
epoch:  19 kl_loss:  0.06807277 pg_loss:  9.873452 nll:  8.345112
epoch:  20 kl_loss:  0.0660988 pg_loss:  10.246282 nll:  8.337333
epoch:  21 kl_loss:  0.056752622 pg_loss:  2.0663373 nll:  8.304512
epoch:  22 kl_loss:  0.05360891 pg_loss:  2.7924166 nll:  8.313402
epoch:  23 kl_loss:  0.047758706 pg_loss:  3.4569902 nll:  8.2952175
epoch:  24 kl_loss:  0.04347298 pg_loss:  5.4144373 nll:  8.285657
epoch:  25 kl_loss:  0.040593963 pg_loss:  1.1419884 nll:  8.279426
epoch:  26 kl_loss:  0.03807429 pg_loss:  1.0180352 nll:  8.267351
epoch:  27 kl_loss:  0.035332765 pg_loss:  3.957773 nll:  8.266193
epoch:  28 kl_loss:  0.032111 pg_loss:  1.0713195 nll:  8.236296
epoch:  29 kl_loss:  0.036065586 pg_loss:  3.5387402 nll:  8.21778
epoch:  30 kl_loss:  0.027889576 pg_loss:  5.0183525 nll:  8.241545
epoch:  31 kl_loss:  0.02315396 pg_loss:  2.3153863 nll:  8.226987
epoch:  32 kl_loss:  0.027588047 pg_loss:  4.7760253 nll:  8.206368
epoch:  33 kl_loss:  0.039597675 pg_loss:  1.1550796 nll:  8.20186
epoch:  34 kl_loss:  0.054692727 pg_loss:  1.5877587 nll:  8.1785555
epoch:  35 kl_loss:  0.06556074 pg_loss:  1.2033169 nll:  8.194409
epoch:  36 kl_loss:  0.04665821 pg_loss:  0.6933621 nll:  8.171545
epoch:  37 kl_loss:  0.038886003 pg_loss:  2.5160878 nll:  8.186547
epoch:  38 kl_loss:  0.02562632 pg_loss:  0.40370077 nll:  8.188296
epoch:  39 kl_loss:  0.01903968 pg_loss:  0.8179274 nll:  8.159129
epoch:  40 kl_loss:  0.017465241 pg_loss:  5.042783 nll:  8.156999
epoch:  41 kl_loss:  0.019173887 pg_loss:  1.5249606 nll:  8.14681
epoch:  42 kl_loss:  0.020430673 pg_loss:  3.890859 nll:  8.183965
epoch:  43 kl_loss:  0.01930108 pg_loss:  2.1664076 nll:  8.143431
epoch:  44 kl_loss:  0.019791221 pg_loss:  4.5081367 nll:  8.131618
epoch:  45 kl_loss:  0.015403381 pg_loss:  3.7022119 nll:  8.131775
epoch:  46 kl_loss:  0.02026609 pg_loss:  1.3854139 nll:  8.127502
epoch:  47 kl_loss:  0.03354345 pg_loss:  1.3517193 nll:  8.126192
epoch:  48 kl_loss:  0.043690786 pg_loss:  1.6008799 nll:  8.129869
epoch:  49 kl_loss:  0.038732238 pg_loss:  2.232533 nll:  8.126668
epoch:  50 kl_loss:  0.038557634 pg_loss:  1.1263632 nll:  8.125374
epoch:  51 kl_loss:  0.02569086 pg_loss:  4.1563854 nll:  8.152636
epoch:  52 kl_loss:  0.015813835 pg_loss:  1.0177993 nll:  8.144827
epoch:  53 kl_loss:  0.012777553 pg_loss:  0.94521165 nll:  8.152666
epoch:  54 kl_loss:  0.015908102 pg_loss:  1.3218354 nll:  8.150393
epoch:  55 kl_loss:  0.020748675 pg_loss:  0.8538994 nll:  8.161264
epoch:  56 kl_loss:  0.01745881 pg_loss:  2.4109912 nll:  8.173994
epoch:  57 kl_loss:  0.016803443 pg_loss:  1.0448761 nll:  8.144997
epoch:  58 kl_loss:  0.015176091 pg_loss:  0.33915302 nll:  8.190633
epoch:  59 kl_loss:  0.012610752 pg_loss:  0.9339454 nll:  8.204414
epoch:  60 kl_loss:  0.0104612205 pg_loss:  2.7966754 nll:  8.182859
epoch:  61 kl_loss:  0.0090402085 pg_loss:  2.1782742 nll:  8.206764
epoch:  62 kl_loss:  0.0070677977 pg_loss:  0.903302 nll:  8.214973
epoch:  63 kl_loss:  0.009495815 pg_loss:  5.8749695 nll:  8.212044
epoch:  64 kl_loss:  0.01076294 pg_loss:  0.2330387 nll:  8.211006
epoch:  65 kl_loss:  0.0077095367 pg_loss:  1.5076481 nll:  8.20915
epoch:  66 kl_loss:  0.006874271 pg_loss:  1.0134538 nll:  8.220531
epoch:  67 kl_loss:  0.0060037067 pg_loss:  0.6454276 nll:  8.236077
epoch:  68 kl_loss:  0.006250226 pg_loss:  1.2122072 nll:  8.239992
epoch:  69 kl_loss:  0.0048699845 pg_loss:  0.509589 nll:  8.243401
epoch:  70 kl_loss:  0.0035675662 pg_loss:  0.44753283 nll:  8.261054
epoch:  71 kl_loss:  0.0038501066 pg_loss:  1.2510222 nll:  8.263195
epoch:  72 kl_loss:  0.0032844967 pg_loss:  1.3139975 nll:  8.25929
epoch:  73 kl_loss:  0.0036370365 pg_loss:  0.34126523 nll:  8.276675
epoch:  74 kl_loss:  0.0036624502 pg_loss:  1.2191637 nll:  8.2830715
epoch:  75 kl_loss:  0.0028108715 pg_loss:  3.0096517 nll:  8.276415
epoch:  76 kl_loss:  0.0031919163 pg_loss:  0.4691623 nll:  8.261746
epoch:  77 kl_loss:  0.003411808 pg_loss:  2.7254033 nll:  8.276463
epoch:  78 kl_loss:  0.0023572668 pg_loss:  1.724685 nll:  8.29597
epoch:  79 kl_loss:  0.0032709187 pg_loss:  4.6894975 nll:  8.289649
epoch:  80 kl_loss:  0.004706826 pg_loss:  1.6282071 nll:  8.310588
epoch:  81 kl_loss:  0.0043311096 pg_loss:  0.22571251 nll:  8.303492
epoch:  82 kl_loss:  0.0037711544 pg_loss:  0.5646691 nll:  8.291925
epoch:  83 kl_loss:  0.0040051104 pg_loss:  0.79952836 nll:  8.305218
epoch:  84 kl_loss:  0.0024163267 pg_loss:  1.2567561 nll:  8.317661
epoch:  85 kl_loss:  0.0025901243 pg_loss:  1.0132345 nll:  8.3149805
epoch:  86 kl_loss:  0.0014599761 pg_loss:  1.393056 nll:  8.328938
epoch:  87 kl_loss:  0.002350549 pg_loss:  0.34797332 nll:  8.325058
epoch:  88 kl_loss:  0.0024994481 pg_loss:  2.3650665 nll:  8.324223
epoch:  89 kl_loss:  0.008648939 pg_loss:  4.7822857 nll:  8.324563
epoch:  90 kl_loss:  0.022615759 pg_loss:  0.33701172 nll:  8.328306
epoch:  91 kl_loss:  0.029997066 pg_loss:  1.9248044 nll:  8.3136835
epoch:  92 kl_loss:  0.028370265 pg_loss:  1.3179888 nll:  8.3401375
epoch:  93 kl_loss:  0.026063683 pg_loss:  0.83708376 nll:  8.324741
epoch:  94 kl_loss:  0.018396925 pg_loss:  0.044968914 nll:  8.325889
epoch:  95 kl_loss:  0.013227601 pg_loss:  0.9257998 nll:  8.328556
epoch:  96 kl_loss:  0.009513924 pg_loss:  0.6118269 nll:  8.318048
epoch:  97 kl_loss:  0.011726256 pg_loss:  0.5768049 nll:  8.315501
epoch:  98 kl_loss:  0.01171794 pg_loss:  6.9652724 nll:  8.314817
epoch:  99 kl_loss:  0.01414768 pg_loss:  1.3565265 nll:  8.301431
epoch:  100 kl_loss:  0.015449453 pg_loss:  3.3160896 nll:  8.310437
epoch:  101 kl_loss:  0.016141184 pg_loss:  13.103794 nll:  8.294147
epoch:  102 kl_loss:  0.014053935 pg_loss:  1.3650306 nll:  8.28582
epoch:  103 kl_loss:  0.012217248 pg_loss:  0.51207 nll:  8.305684
epoch:  104 kl_loss:  0.008858652 pg_loss:  0.33552045 nll:  8.299253
epoch:  105 kl_loss:  0.010639494 pg_loss:  0.013015792 nll:  8.283458
epoch:  106 kl_loss:  0.009197891 pg_loss:  2.1608875 nll:  8.279629
epoch:  107 kl_loss:  0.014191728 pg_loss:  0.45055982 nll:  8.264031
epoch:  108 kl_loss:  0.02021506 pg_loss:  7.857052 nll:  8.294626
epoch:  109 kl_loss:  0.02426091 pg_loss:  0.15101856 nll:  8.269758
epoch:  110 kl_loss:  0.02054049 pg_loss:  0.824903 nll:  8.257966
epoch:  111 kl_loss:  0.017388498 pg_loss:  0.70731634 nll:  8.254032
epoch:  112 kl_loss:  0.010706287 pg_loss:  2.4519055 nll:  8.267746
epoch:  113 kl_loss:  0.0064825155 pg_loss:  0.77857935 nll:  8.249497
epoch:  114 kl_loss:  0.0065050162 pg_loss:  1.3547772 nll:  8.257715
epoch:  115 kl_loss:  0.008422384 pg_loss:  0.7613381 nll:  8.265374
epoch:  116 kl_loss:  0.0091052465 pg_loss:  0.34875622 nll:  8.253765
epoch:  117 kl_loss:  0.010220225 pg_loss:  7.525262 nll:  8.226303
epoch:  118 kl_loss:  0.010060861 pg_loss:  0.43928957 nll:  8.242944
epoch:  119 kl_loss:  0.0073353164 pg_loss:  1.2311152 nll:  8.246217
epoch:  120 kl_loss:  0.0053018425 pg_loss:  0.3524714 nll:  8.239137
epoch:  121 kl_loss:  0.0048859613 pg_loss:  2.2310178 nll:  8.223926
epoch:  122 kl_loss:  0.004405714 pg_loss:  0.09707748 nll:  8.242836
epoch:  123 kl_loss:  0.00494959 pg_loss:  0.5643292 nll:  8.227085
epoch:  124 kl_loss:  0.005472116 pg_loss:  0.13193937 nll:  8.229698
epoch:  125 kl_loss:  0.0050522927 pg_loss:  0.3702822 nll:  8.211897
epoch:  126 kl_loss:  0.004832755 pg_loss:  0.0011783523 nll:  8.227385
epoch:  127 kl_loss:  0.003996673 pg_loss:  0.22155063 nll:  8.21874
epoch:  128 kl_loss:  0.0030805764 pg_loss:  0.5974592 nll:  8.217036
epoch:  129 kl_loss:  0.0022994815 pg_loss:  0.00037923595 nll:  8.231849
epoch:  130 kl_loss:  0.001716902 pg_loss:  0.09502005 nll:  8.240851
epoch:  131 kl_loss:  0.0014080986 pg_loss:  2.0254145 nll:  8.24179
epoch:  132 kl_loss:  0.0019331151 pg_loss:  0.10789563 nll:  8.239156
epoch:  133 kl_loss:  0.0033882977 pg_loss:  1.2114612 nll:  8.212666
epoch:  134 kl_loss:  0.0017246841 pg_loss:  0.29841828 nll:  8.228711
epoch:  135 kl_loss:  0.0031396803 pg_loss:  0.017942093 nll:  8.265388
epoch:  136 kl_loss:  0.0014860295 pg_loss:  0.20204784 nll:  8.239551
epoch:  137 kl_loss:  0.002426037 pg_loss:  0.29692897 nll:  8.247275
epoch:  138 kl_loss:  0.001020844 pg_loss:  0.29085213 nll:  8.247435
epoch:  139 kl_loss:  0.0008242908 pg_loss:  0.7159576 nll:  8.221293
epoch:  140 kl_loss:  0.0009216785 pg_loss:  1.2402412 nll:  8.199011
epoch:  141 kl_loss:  0.01400448 pg_loss:  0.8095124 nll:  8.253656
epoch:  142 kl_loss:  0.03824143 pg_loss:  0.90539694 nll:  8.251777
epoch:  143 kl_loss:  0.040189005 pg_loss:  0.50176156 nll:  8.243574
epoch:  144 kl_loss:  0.05353451 pg_loss:  0.9611273 nll:  8.257019
epoch:  145 kl_loss:  0.035276473 pg_loss:  0.9229383 nll:  8.249117
epoch:  146 kl_loss:  0.01739885 pg_loss:  1.3557001 nll:  8.225716
epoch:  147 kl_loss:  0.00885819 pg_loss:  0.11021434 nll:  8.265889
epoch:  148 kl_loss:  0.008003249 pg_loss:  1.6647762 nll:  8.259619
epoch:  149 kl_loss:  0.011530441 pg_loss:  1.9490622 nll:  8.252324
epoch:  150 kl_loss:  0.018997882 pg_loss:  0.015302991 nll:  8.250142
epoch:  151 kl_loss:  0.022773387 pg_loss:  0.29088303 nll:  8.262427
epoch:  152 kl_loss:  0.017174235 pg_loss:  1.297602 nll:  8.255928
epoch:  153 kl_loss:  0.010579218 pg_loss:  1.3908247 nll:  8.275685
epoch:  154 kl_loss:  0.010872453 pg_loss:  0.37446386 nll:  8.265918
epoch:  155 kl_loss:  0.009339092 pg_loss:  0.8604321 nll:  8.265571
epoch:  156 kl_loss:  0.010107202 pg_loss:  0.21151182 nll:  8.232187
epoch:  157 kl_loss:  0.009274756 pg_loss:  0.74814916 nll:  8.261733
epoch:  158 kl_loss:  0.012981951 pg_loss:  0.93745613 nll:  8.2810955
epoch:  159 kl_loss:  0.0124940965 pg_loss:  0.5584576 nll:  8.269311
epoch:  160 kl_loss:  0.008884378 pg_loss:  1.0003741 nll:  8.271164
epoch:  161 kl_loss:  0.009178307 pg_loss:  1.867729 nll:  8.2787895
epoch:  162 kl_loss:  0.009947854 pg_loss:  0.03425828 nll:  8.26993
epoch:  163 kl_loss:  0.013071461 pg_loss:  0.24076131 nll:  8.26651
epoch:  164 kl_loss:  0.016914919 pg_loss:  1.487714 nll:  8.276802
epoch:  165 kl_loss:  0.01469286 pg_loss:  0.08110811 nll:  8.288488
epoch:  166 kl_loss:  0.010918798 pg_loss:  0.03158342 nll:  8.264789
epoch:  167 kl_loss:  0.00626376 pg_loss:  2.0891888 nll:  8.284174
epoch:  168 kl_loss:  0.008264682 pg_loss:  0.0019114275 nll:  8.27434
epoch:  169 kl_loss:  0.007967494 pg_loss:  1.1618472 nll:  8.275986
epoch:  170 kl_loss:  0.11413179 pg_loss:  0.2720997 nll:  8.285512
epoch:  171 kl_loss:  0.31879407 pg_loss:  0.022423003 nll:  8.2753525
epoch:  172 kl_loss:  0.5350174 pg_loss:  0.60889685 nll:  8.275792
epoch:  173 kl_loss:  0.52820516 pg_loss:  0.6013743 nll:  8.261861
epoch:  174 kl_loss:  0.39533657 pg_loss:  0.022040503 nll:  8.262916
epoch:  175 kl_loss:  0.22070287 pg_loss:  1.4235336 nll:  8.289993
epoch:  176 kl_loss:  0.10888915 pg_loss:  1.3858619 nll:  8.28193
epoch:  177 kl_loss:  0.06658292 pg_loss:  1.2994093 nll:  8.257418
epoch:  178 kl_loss:  0.08690135 pg_loss:  1.2245215 nll:  8.277835
epoch:  179 kl_loss:  0.12744576 pg_loss:  0.18123442 nll:  8.264777
epoch:  180 kl_loss:  0.15796386 pg_loss:  0.32856748 nll:  8.280299
epoch:  181 kl_loss:  0.14953902 pg_loss:  2.9657137 nll:  8.272108
epoch:  182 kl_loss:  0.11990839 pg_loss:  0.7153391 nll:  8.2764435
epoch:  183 kl_loss:  0.0839605 pg_loss:  0.2966042 nll:  8.2612915
epoch:  184 kl_loss:  0.063418075 pg_loss:  0.4498946 nll:  8.267871
epoch:  185 kl_loss:  0.050087545 pg_loss:  1.6699926 nll:  8.262976
epoch:  186 kl_loss:  0.068083435 pg_loss:  1.1641728 nll:  8.253598
epoch:  187 kl_loss:  0.07585108 pg_loss:  1.2279623 nll:  8.280757
epoch:  188 kl_loss:  0.0855309 pg_loss:  0.037500113 nll:  8.2743845
epoch:  189 kl_loss:  0.06808598 pg_loss:  5.916805 nll:  8.27866
epoch:  190 kl_loss:  0.046308756 pg_loss:  1.2564079 nll:  8.290923
epoch:  191 kl_loss:  0.040630292 pg_loss:  0.32916135 nll:  8.303706
epoch:  192 kl_loss:  0.03406295 pg_loss:  1.3822736 nll:  8.28137
epoch:  193 kl_loss:  0.026399791 pg_loss:  0.14475094 nll:  8.27946
epoch:  194 kl_loss:  0.032208852 pg_loss:  3.0236194 nll:  8.277983
epoch:  195 kl_loss:  0.0450782 pg_loss:  0.20763862 nll:  8.275227
epoch:  196 kl_loss:  0.048616603 pg_loss:  1.7477247 nll:  8.284164
epoch:  197 kl_loss:  0.047740698 pg_loss:  0.28925002 nll:  8.274096
epoch:  198 kl_loss:  0.036397275 pg_loss:  0.29500946 nll:  8.273889
epoch:  199 kl_loss:  0.033059258 pg_loss:  0.18347658 nll:  8.262777
epoch:  200 kl_loss:  0.031161623 pg_loss:  5.085159 nll:  8.299093
epoch:  201 kl_loss:  0.027821548 pg_loss:  0.78251433 nll:  8.284568
epoch:  202 kl_loss:  0.024122642 pg_loss:  1.0489243 nll:  8.276965
epoch:  203 kl_loss:  0.022125121 pg_loss:  5.5565095 nll:  8.257454
epoch:  204 kl_loss:  0.029298428 pg_loss:  1.7523749 nll:  8.258282
epoch:  205 kl_loss:  0.03956908 pg_loss:  1.9473664 nll:  8.277893
epoch:  206 kl_loss:  0.075424366 pg_loss:  0.7448122 nll:  8.264521
epoch:  207 kl_loss:  0.09960568 pg_loss:  1.3972776 nll:  8.277353
epoch:  208 kl_loss:  0.10489158 pg_loss:  4.1700745 nll:  8.272836
epoch:  209 kl_loss:  0.06902864 pg_loss:  0.5338096 nll:  8.284737
epoch:  210 kl_loss:  0.055700503 pg_loss:  5.755972 nll:  8.2735615
epoch:  211 kl_loss:  0.033689067 pg_loss:  1.1325289 nll:  8.2863455
epoch:  212 kl_loss:  0.025810774 pg_loss:  0.0017888561 nll:  8.271646
epoch:  213 kl_loss:  0.018254217 pg_loss:  0.028939148 nll:  8.262332
epoch:  214 kl_loss:  0.031033184 pg_loss:  0.977554 nll:  8.2621
epoch:  215 kl_loss:  0.038435597 pg_loss:  7.489127 nll:  8.273833
epoch:  216 kl_loss:  0.041461498 pg_loss:  0.69635665 nll:  8.264433
epoch:  217 kl_loss:  0.02851953 pg_loss:  1.6646552 nll:  8.270674
epoch:  218 kl_loss:  0.025165766 pg_loss:  7.5886135 nll:  8.267558
epoch:  219 kl_loss:  0.016644973 pg_loss:  2.4290404 nll:  8.279382
epoch:  220 kl_loss:  0.013661994 pg_loss:  0.6955973 nll:  8.266717
epoch:  221 kl_loss:  0.014103383 pg_loss:  2.2649927 nll:  8.275982
epoch:  222 kl_loss:  0.03248564 pg_loss:  1.0546584 nll:  8.27116
epoch:  223 kl_loss:  0.060132742 pg_loss:  3.0384 nll:  8.274832
epoch:  224 kl_loss:  0.07720198 pg_loss:  2.0330455 nll:  8.288935
epoch:  225 kl_loss:  0.08788732 pg_loss:  8.000728e-05 nll:  8.273315
epoch:  226 kl_loss:  0.070633836 pg_loss:  6.5916095 nll:  8.301206
epoch:  227 kl_loss:  0.036779862 pg_loss:  0.3483099 nll:  8.274077
epoch:  228 kl_loss:  0.020804834 pg_loss:  1.6646596e-05 nll:  8.264386
epoch:  229 kl_loss:  0.015430739 pg_loss:  0.49058953 nll:  8.272732
epoch:  230 kl_loss:  0.020961832 pg_loss:  0.29110864 nll:  8.280175
epoch:  231 kl_loss:  0.028733782 pg_loss:  1.0612209 nll:  8.291978
epoch:  232 kl_loss:  0.033482842 pg_loss:  0.62847906 nll:  8.277268
epoch:  233 kl_loss:  0.02725965 pg_loss:  1.8825825 nll:  8.297295
epoch:  234 kl_loss:  0.02611566 pg_loss:  0.045611642 nll:  8.305854
epoch:  235 kl_loss:  0.0149243735 pg_loss:  0.0001807013 nll:  8.295007
epoch:  236 kl_loss:  0.012856872 pg_loss:  0.019313622 nll:  8.282765
epoch:  237 kl_loss:  0.015017115 pg_loss:  1.7004154 nll:  8.29716
epoch:  238 kl_loss:  0.012653831 pg_loss:  0.04658681 nll:  8.310657
epoch:  239 kl_loss:  0.020421496 pg_loss:  1.4771492 nll:  8.328737
epoch:  240 kl_loss:  0.015456032 pg_loss:  0.07277623 nll:  8.302705
epoch:  241 kl_loss:  0.010266572 pg_loss:  0.9173072 nll:  8.3188715
epoch:  242 kl_loss:  0.008679927 pg_loss:  1.0824404 nll:  8.29984
epoch:  243 kl_loss:  0.0061814673 pg_loss:  0.4051537 nll:  8.315275
epoch:  244 kl_loss:  0.007965095 pg_loss:  0.16992213 nll:  8.324751
epoch:  245 kl_loss:  0.0058481167 pg_loss:  0.79829633 nll:  8.30198
epoch:  246 kl_loss:  0.009137891 pg_loss:  5.887587 nll:  8.309447
epoch:  247 kl_loss:  0.008266369 pg_loss:  0.21246283 nll:  8.309125
epoch:  248 kl_loss:  0.010497769 pg_loss:  0.9125437 nll:  8.33134
epoch:  249 kl_loss:  0.0054819454 pg_loss:  0.8996186 nll:  8.2929125
epoch:  250 kl_loss:  0.003467342 pg_loss:  0.419239 nll:  8.321641
epoch:  251 kl_loss:  0.0032842197 pg_loss:  0.29916185 nll:  8.328853
epoch:  252 kl_loss:  0.0033706862 pg_loss:  0.12270726 nll:  8.321448
epoch:  253 kl_loss:  0.0031683485 pg_loss:  0.46604553 nll:  8.321956
epoch:  254 kl_loss:  0.003147194 pg_loss:  0.20269619 nll:  8.328184
epoch:  255 kl_loss:  0.004142442 pg_loss:  7.995258e-06 nll:  8.327634
epoch:  256 kl_loss:  0.0037770413 pg_loss:  0.4030954 nll:  8.314089
epoch:  257 kl_loss:  0.0028095536 pg_loss:  0.19005616 nll:  8.317331
epoch:  258 kl_loss:  0.0036463123 pg_loss:  0.65406364 nll:  8.336404
epoch:  259 kl_loss:  0.00369742 pg_loss:  1.1276283 nll:  8.336575
epoch:  260 kl_loss:  0.009682199 pg_loss:  0.048227895 nll:  8.352034
epoch:  261 kl_loss:  0.02458714 pg_loss:  0.42858028 nll:  8.33961
epoch:  262 kl_loss:  0.029525846 pg_loss:  0.05388268 nll:  8.316375
epoch:  263 kl_loss:  0.030630268 pg_loss:  0.42128414 nll:  8.338099
epoch:  264 kl_loss:  0.020278001 pg_loss:  1.0754563 nll:  8.330103
epoch:  265 kl_loss:  0.017336605 pg_loss:  0.8435911 nll:  8.335804
epoch:  266 kl_loss:  0.022936102 pg_loss:  4.1544743 nll:  8.344553
epoch:  267 kl_loss:  0.03034527 pg_loss:  0.022596039 nll:  8.344232
epoch:  268 kl_loss:  0.041799396 pg_loss:  1.1812054 nll:  8.357338
epoch:  269 kl_loss:  0.051179513 pg_loss:  12.093928 nll:  8.338606
epoch:  270 kl_loss:  0.05590296 pg_loss:  0.5514075 nll:  8.34506
epoch:  271 kl_loss:  0.042751826 pg_loss:  0.32970104 nll:  8.359585
epoch:  272 kl_loss:  0.028658867 pg_loss:  0.021034406 nll:  8.356257
epoch:  273 kl_loss:  0.017206 pg_loss:  0.49812585 nll:  8.366139
epoch:  274 kl_loss:  0.022280931 pg_loss:  0.05560711 nll:  8.354486
epoch:  275 kl_loss:  0.030600902 pg_loss:  1.5548393 nll:  8.355104
epoch:  276 kl_loss:  0.03206627 pg_loss:  0.41330412 nll:  8.365735
epoch:  277 kl_loss:  0.037985772 pg_loss:  0.28615135 nll:  8.359885
epoch:  278 kl_loss:  0.044336207 pg_loss:  1.9362884 nll:  8.386682
epoch:  279 kl_loss:  0.045211017 pg_loss:  1.3690228 nll:  8.390204
epoch:  280 kl_loss:  0.03556203 pg_loss:  1.916083 nll:  8.365461
epoch:  281 kl_loss:  0.030834926 pg_loss:  0.41749772 nll:  8.380406
epoch:  282 kl_loss:  0.025814943 pg_loss:  0.06428111 nll:  8.365723
epoch:  283 kl_loss:  0.020049222 pg_loss:  0.6097995 nll:  8.386462
epoch:  284 kl_loss:  0.018380847 pg_loss:  0.20121565 nll:  8.400657
epoch:  285 kl_loss:  0.014219429 pg_loss:  1.0591654 nll:  8.385607
epoch:  286 kl_loss:  0.012514135 pg_loss:  2.607139 nll:  8.400573
epoch:  287 kl_loss:  0.015979677 pg_loss:  1.1035726 nll:  8.415926
epoch:  288 kl_loss:  0.017910073 pg_loss:  0.81554824 nll:  8.398539
epoch:  289 kl_loss:  0.015329148 pg_loss:  2.3284736 nll:  8.4019575
epoch:  290 kl_loss:  0.014381271 pg_loss:  0.082783416 nll:  8.418131
epoch:  291 kl_loss:  0.012043103 pg_loss:  0.9272947 nll:  8.397034
epoch:  292 kl_loss:  0.010339092 pg_loss:  0.08705263 nll:  8.399487
epoch:  293 kl_loss:  0.009836764 pg_loss:  2.5428405 nll:  8.419626
epoch:  294 kl_loss:  0.007956598 pg_loss:  1.4901175 nll:  8.416823
epoch:  295 kl_loss:  0.0076029487 pg_loss:  0.103114605 nll:  8.398417
epoch:  296 kl_loss:  0.011416011 pg_loss:  0.5029217 nll:  8.409978
epoch:  297 kl_loss:  0.011029072 pg_loss:  0.3701008 nll:  8.41216
epoch:  298 kl_loss:  0.018869508 pg_loss:  0.77079344 nll:  8.423752
epoch:  299 kl_loss:  0.018518252 pg_loss:  0.0060305065 nll:  8.386258
