batch_size=32,z_size=64,seq_len=20,emb_dim=64,vocab_size=5000,hidden_dim=32,dropout_keep_prob=0.75,free_bits=0,encoder_learning_rate=0.01,enc_rnn_size=[32, 32],residual_encoder=True,dencoder_learning_rate=0.01,compute_rewards_step=1,dec_update_rate=0.8,rollout_num=16,dis_learning_rate=0.0001,dis_train_freq=5,dis_filter_sizes=[1, 2, 3, 4, 5, 6, 7, 8, 9, 10, 15, 20],dis_num_filters=[100, 200, 200, 200, 200, 100, 100, 100, 100, 100, 160, 160]
Start pre-training...
epoch:	0	nll:	9.802152
epoch:	5	nll:	9.082635
epoch:	10	nll:	8.933078
epoch:	15	nll:	8.881825
epoch:	20	nll:	8.852874
epoch:	25	nll:	8.844116
epoch:	30	nll:	8.8500395
epoch:	35	nll:	8.841887
epoch:	40	nll:	8.828422
epoch:	45	nll:	8.82602
epoch:	50	nll:	8.85636
epoch:	55	nll:	8.837723
epoch:	60	nll:	8.827671
epoch:	65	nll:	8.835979
epoch:	70	nll:	8.830871
epoch:	75	nll:	8.829932
epoch:	80	nll:	8.842763
epoch:	85	nll:	8.842677
epoch:	90	nll:	8.852578
epoch:	95	nll:	8.84544
epoch:	100	nll:	8.864961
epoch:	105	nll:	8.837789
epoch:	110	nll:	8.856994
epoch:	115	nll:	8.84797
Start pre-training discriminator...
#########################################################################
Start Adversarial Training...
epoch:  0 nll:  8.739632
epoch:  1 nll:  8.635291
epoch:  2 nll:  8.82185
epoch:  3 nll:  8.737049
epoch:  4 nll:  8.70214
epoch:  5 nll:  8.81463
epoch:  6 nll:  8.731239
epoch:  7 nll:  8.800353
epoch:  8 nll:  8.757491
epoch:  9 nll:  8.81023
epoch:  10 nll:  8.837251
epoch:  11 nll:  8.766406
epoch:  12 nll:  8.763404
epoch:  13 nll:  8.82717
epoch:  14 nll:  8.810686
epoch:  15 nll:  8.613113
epoch:  16 nll:  8.72002
epoch:  17 nll:  8.717378
epoch:  18 nll:  8.608699
epoch:  19 nll:  8.670116
epoch:  20 nll:  8.748006
epoch:  21 nll:  8.703713
epoch:  22 nll:  8.798787
epoch:  23 nll:  8.7544365
epoch:  24 nll:  8.7675295
epoch:  25 nll:  8.62456
epoch:  26 nll:  8.619197
epoch:  27 nll:  8.873183
epoch:  28 nll:  8.765004
epoch:  29 nll:  8.685971
epoch:  30 nll:  8.707505
epoch:  31 nll:  8.56684
epoch:  32 nll:  8.693958
epoch:  33 nll:  8.600917
epoch:  34 nll:  8.659409
epoch:  35 nll:  8.637886
epoch:  36 nll:  8.6782465
epoch:  37 nll:  8.666627
epoch:  38 nll:  8.669374
epoch:  39 nll:  8.802121
epoch:  40 nll:  8.751922
epoch:  41 nll:  8.62181
epoch:  42 nll:  8.681594
epoch:  43 nll:  8.713979
epoch:  44 nll:  8.601981
epoch:  45 nll:  8.628528
epoch:  46 nll:  8.742265
epoch:  47 nll:  8.612113
epoch:  48 nll:  8.568016
epoch:  49 nll:  8.569636
epoch:  50 nll:  8.77388
epoch:  51 nll:  8.626586
epoch:  52 nll:  8.51319
epoch:  53 nll:  8.671651
epoch:  54 nll:  8.781018
epoch:  55 nll:  8.513326
epoch:  56 nll:  8.541898
epoch:  57 nll:  8.778827
epoch:  58 nll:  8.651462
epoch:  59 nll:  8.657104
epoch:  60 nll:  8.471061
epoch:  61 nll:  8.732636
epoch:  62 nll:  8.727288
epoch:  63 nll:  8.599884
epoch:  64 nll:  8.644862
epoch:  65 nll:  8.680175
epoch:  66 nll:  8.594399
epoch:  67 nll:  8.48205
epoch:  68 nll:  8.602349
epoch:  69 nll:  8.679479
epoch:  70 nll:  8.629044
epoch:  71 nll:  8.631352
epoch:  72 nll:  8.512524
epoch:  73 nll:  8.723572
epoch:  74 nll:  8.685706
epoch:  75 nll:  8.749741
epoch:  76 nll:  8.511516
epoch:  77 nll:  8.590541
epoch:  78 nll:  8.672812
epoch:  79 nll:  8.643703
epoch:  80 nll:  8.658054
epoch:  81 nll:  8.614877
epoch:  82 nll:  8.590954
epoch:  83 nll:  8.697724
epoch:  84 nll:  8.545983
epoch:  85 nll:  8.604969
epoch:  86 nll:  8.500092
epoch:  87 nll:  8.417828
epoch:  88 nll:  8.558598
epoch:  89 nll:  8.558296
epoch:  90 nll:  8.56001
epoch:  91 nll:  8.605057
epoch:  92 nll:  8.548867
epoch:  93 nll:  8.442594
epoch:  94 nll:  8.596881
epoch:  95 nll:  8.57681
epoch:  96 nll:  8.689762
epoch:  97 nll:  8.523852
epoch:  98 nll:  8.522289
epoch:  99 nll:  8.390591
epoch:  100 nll:  8.688235
epoch:  101 nll:  8.5048685
epoch:  102 nll:  8.574769
epoch:  103 nll:  8.549381
epoch:  104 nll:  8.526132
epoch:  105 nll:  8.569909
epoch:  106 nll:  8.633412
epoch:  107 nll:  8.5831175
epoch:  108 nll:  8.623196
epoch:  109 nll:  8.528813
epoch:  110 nll:  8.621749
epoch:  111 nll:  8.560525
epoch:  112 nll:  8.591484
epoch:  113 nll:  8.399241
epoch:  114 nll:  8.660155
epoch:  115 nll:  8.548588
epoch:  116 nll:  8.551507
epoch:  117 nll:  8.496093
epoch:  118 nll:  8.612674
epoch:  119 nll:  8.639996
epoch:  120 nll:  8.56921
epoch:  121 nll:  8.566613
epoch:  122 nll:  8.538883
epoch:  123 nll:  8.729747
epoch:  124 nll:  8.57179
epoch:  125 nll:  8.538414
epoch:  126 nll:  8.627491
epoch:  127 nll:  8.581586
epoch:  128 nll:  8.6184435
epoch:  129 nll:  8.583917
epoch:  130 nll:  8.628426
epoch:  131 nll:  8.639876
epoch:  132 nll:  8.506641
epoch:  133 nll:  8.546823
epoch:  134 nll:  8.569031
epoch:  135 nll:  8.651198
epoch:  136 nll:  8.4604225
epoch:  137 nll:  8.652902
epoch:  138 nll:  8.531414
epoch:  139 nll:  8.640739
epoch:  140 nll:  8.610316
epoch:  141 nll:  8.521216
epoch:  142 nll:  8.516841
epoch:  143 nll:  8.520118
epoch:  144 nll:  8.507999
epoch:  145 nll:  8.593279
epoch:  146 nll:  8.563745
epoch:  147 nll:  8.5462675
epoch:  148 nll:  8.547413
epoch:  149 nll:  8.616399
epoch:  150 nll:  8.6032505
epoch:  151 nll:  8.686722
epoch:  152 nll:  8.561042
epoch:  153 nll:  8.675903
epoch:  154 nll:  8.670327
epoch:  155 nll:  8.541793
epoch:  156 nll:  8.434438
epoch:  157 nll:  8.529163
epoch:  158 nll:  8.611674
epoch:  159 nll:  8.667115
epoch:  160 nll:  8.519703
epoch:  161 nll:  8.6091
epoch:  162 nll:  8.682776
epoch:  163 nll:  8.539052
epoch:  164 nll:  8.605329
epoch:  165 nll:  8.512356
epoch:  166 nll:  8.609501
epoch:  167 nll:  8.477469
epoch:  168 nll:  8.4411
epoch:  169 nll:  8.419896
epoch:  170 nll:  8.579516
epoch:  171 nll:  8.522506
epoch:  172 nll:  8.533608
epoch:  173 nll:  8.498678
epoch:  174 nll:  8.542116
epoch:  175 nll:  8.534999
epoch:  176 nll:  8.462605
epoch:  177 nll:  8.544913
epoch:  178 nll:  8.6107855
epoch:  179 nll:  8.639065
epoch:  180 nll:  8.559845
epoch:  181 nll:  8.365436
epoch:  182 nll:  8.662656
epoch:  183 nll:  8.639306
epoch:  184 nll:  8.539838
epoch:  185 nll:  8.643613
epoch:  186 nll:  8.613427
epoch:  187 nll:  8.479917
epoch:  188 nll:  8.550587
epoch:  189 nll:  8.589356
epoch:  190 nll:  8.517652
epoch:  191 nll:  8.601919
epoch:  192 nll:  8.548412
epoch:  193 nll:  8.636737
epoch:  194 nll:  8.527694
epoch:  195 nll:  8.587909
epoch:  196 nll:  8.491123
epoch:  197 nll:  8.527207
epoch:  198 nll:  8.500566
epoch:  199 nll:  8.438426
epoch:  200 nll:  8.561973
epoch:  201 nll:  8.625682
epoch:  202 nll:  8.618918
epoch:  203 nll:  8.700488
epoch:  204 nll:  8.565484
epoch:  205 nll:  8.54691
epoch:  206 nll:  8.492859
epoch:  207 nll:  8.624218
epoch:  208 nll:  8.587449
epoch:  209 nll:  8.490405
epoch:  210 nll:  8.554616
epoch:  211 nll:  8.657234
epoch:  212 nll:  8.737724
epoch:  213 nll:  8.649058
epoch:  214 nll:  8.668309
epoch:  215 nll:  8.657588
epoch:  216 nll:  8.454117
epoch:  217 nll:  8.66217
epoch:  218 nll:  8.629314
epoch:  219 nll:  8.505607
epoch:  220 nll:  8.5704565
epoch:  221 nll:  8.68644
epoch:  222 nll:  8.81279
epoch:  223 nll:  8.731635
epoch:  224 nll:  8.624374
epoch:  225 nll:  8.726658
epoch:  226 nll:  8.672857
epoch:  227 nll:  8.652053
epoch:  228 nll:  8.691692
epoch:  229 nll:  8.62659
epoch:  230 nll:  8.513778
epoch:  231 nll:  8.76751
epoch:  232 nll:  8.678014
epoch:  233 nll:  8.615902
epoch:  234 nll:  8.629544
epoch:  235 nll:  8.722213
epoch:  236 nll:  8.603004
epoch:  237 nll:  8.72258
epoch:  238 nll:  8.710163
epoch:  239 nll:  8.7222185
epoch:  240 nll:  8.664548
epoch:  241 nll:  8.724068
epoch:  242 nll:  8.667763
epoch:  243 nll:  8.616679
epoch:  244 nll:  8.633395
epoch:  245 nll:  8.5296335
epoch:  246 nll:  8.69006
epoch:  247 nll:  8.6298485
epoch:  248 nll:  8.562507
epoch:  249 nll:  8.74831
epoch:  250 nll:  8.612056
epoch:  251 nll:  8.651969
epoch:  252 nll:  8.607215
epoch:  253 nll:  8.67508
epoch:  254 nll:  8.682008
epoch:  255 nll:  8.738025
epoch:  256 nll:  8.650519
epoch:  257 nll:  8.81673
epoch:  258 nll:  8.639904
epoch:  259 nll:  8.576844
epoch:  260 nll:  8.689151
epoch:  261 nll:  8.786841
epoch:  262 nll:  8.7439165
epoch:  263 nll:  8.901604
epoch:  264 nll:  8.737353
epoch:  265 nll:  8.591096
epoch:  266 nll:  8.646588
epoch:  267 nll:  8.730962
epoch:  268 nll:  8.785373
epoch:  269 nll:  8.759548
epoch:  270 nll:  8.593251
epoch:  271 nll:  8.647729
epoch:  272 nll:  8.665023
epoch:  273 nll:  8.569409
epoch:  274 nll:  8.657712
epoch:  275 nll:  8.752788
epoch:  276 nll:  8.71264
epoch:  277 nll:  8.613168
epoch:  278 nll:  8.629816
epoch:  279 nll:  8.722703
epoch:  280 nll:  8.82395
epoch:  281 nll:  8.704868
epoch:  282 nll:  8.755302
epoch:  283 nll:  8.761897
epoch:  284 nll:  8.714466
epoch:  285 nll:  8.704347
epoch:  286 nll:  8.697869
epoch:  287 nll:  8.732776
epoch:  288 nll:  8.692681
epoch:  289 nll:  8.702434
epoch:  290 nll:  8.740497
epoch:  291 nll:  8.620899
epoch:  292 nll:  8.679207
epoch:  293 nll:  8.653137
epoch:  294 nll:  8.728587
epoch:  295 nll:  8.760499
epoch:  296 nll:  8.8080225
epoch:  297 nll:  8.744563
epoch:  298 nll:  8.586486
epoch:  299 nll:  8.626066
