batch_size=32,z_size=64,seq_len=8,emb_dim=64,vocab_size=5000,hidden_dim=32,dropout_keep_prob=0.75,free_bits=0,encoder_learning_rate=0.01,enc_rnn_size=[32, 32],residual_encoder=True,dencoder_learning_rate=0.01,compute_rewards_step=1,dec_update_rate=0.8,rollout_num=16,dis_learning_rate=0.0001,dis_train_freq=5,dis_filter_sizes=[1, 2, 3, 4, 6, 8],dis_num_filters=[100, 200, 100, 200, 200, 100]
Start pre-training...
epoch:	0	nll:	9.370266
epoch:	5	nll:	8.865023
epoch:	10	nll:	8.848557
epoch:	15	nll:	8.731093
epoch:	20	nll:	8.648732
epoch:	25	nll:	8.680747
epoch:	30	nll:	8.706789
epoch:	35	nll:	8.650899
epoch:	40	nll:	8.628786
epoch:	45	nll:	8.613128
epoch:	50	nll:	8.623504
epoch:	55	nll:	8.681875
epoch:	60	nll:	8.59575
epoch:	65	nll:	8.586595
epoch:	70	nll:	8.580773
epoch:	75	nll:	8.5475855
epoch:	80	nll:	8.549774
epoch:	85	nll:	8.554556
epoch:	90	nll:	8.558709
epoch:	95	nll:	8.566127
Start pre-training discriminator...
#########################################################################
Start Adversarial Training...
epoch:  0 nll:  8.6420555
epoch:  5 nll:  8.452377
epoch:  10 nll:  8.272758
epoch:  15 nll:  8.426867
epoch:  20 nll:  8.492449
epoch:  25 nll:  8.2060175
epoch:  30 nll:  8.358056
epoch:  35 nll:  8.243741
epoch:  40 nll:  8.217563
epoch:  45 nll:  8.236425
epoch:  50 nll:  8.135643
epoch:  55 nll:  8.01226
epoch:  60 nll:  8.051733
epoch:  65 nll:  8.186227
epoch:  70 nll:  7.8248763
epoch:  75 nll:  8.041524
epoch:  80 nll:  7.9835186
epoch:  85 nll:  8.157771
epoch:  90 nll:  8.032435
epoch:  95 nll:  8.101737
epoch:  100 nll:  7.8797646
epoch:  105 nll:  7.778988
epoch:  110 nll:  7.898894
epoch:  115 nll:  8.016296
epoch:  120 nll:  7.9025764
epoch:  125 nll:  7.915209
epoch:  130 nll:  8.0745325
epoch:  135 nll:  7.9152393
epoch:  140 nll:  8.059262
epoch:  145 nll:  7.862019
epoch:  150 nll:  8.085666
epoch:  155 nll:  7.954582
epoch:  160 nll:  7.852426
epoch:  165 nll:  7.875406
epoch:  170 nll:  7.7360306
epoch:  175 nll:  7.740599
epoch:  180 nll:  7.9391727
epoch:  185 nll:  7.7251096
epoch:  190 nll:  8.043736
epoch:  195 nll:  7.714227
epoch:  200 nll:  7.6183186
epoch:  205 nll:  7.9497533
epoch:  210 nll:  7.671341
epoch:  215 nll:  7.944983
epoch:  220 nll:  7.8321834
epoch:  225 nll:  7.8053546
epoch:  230 nll:  7.816204
epoch:  235 nll:  7.629802
epoch:  240 nll:  7.691635
epoch:  245 nll:  7.314068
epoch:  250 nll:  7.6165085
epoch:  255 nll:  7.6285777
epoch:  260 nll:  7.462954
epoch:  265 nll:  7.3849587
epoch:  270 nll:  7.587347
epoch:  275 nll:  7.7351093
epoch:  280 nll:  7.7404323
epoch:  285 nll:  7.6619987
epoch:  290 nll:  7.600172
epoch:  295 nll:  7.6785836
epoch:  299 nll:  7.7962303
