batch_size=32,z_size=64,seq_len=64,emb_dim=64,vocab_size=5000,hidden_dim=32,dropout_keep_prob=0.75,free_bits=0,encoder_learning_rate=0.01,enc_rnn_size=[32, 32],residual_encoder=True,dencoder_learning_rate=0.01,compute_rewards_step=1,dec_update_rate=0.8,rollout_num=8,dis_learning_rate=0.0001,dis_train_freq=5,dis_filter_sizes=[1, 2, 3, 4, 5, 6, 7, 8, 9, 10, 16, 32, 48, 64],dis_num_filters=[100, 200, 200, 200, 200, 100, 100, 100, 100, 100, 100, 100, 160, 160]
Start pre-training...
epoch:	0	nll:	9.791137
epoch:	5	nll:	8.666003
epoch:	10	nll:	8.517778
epoch:	15	nll:	8.463181
epoch:	20	nll:	8.436887
epoch:	25	nll:	8.431765
epoch:	30	nll:	8.40761
epoch:	35	nll:	8.410826
epoch:	40	nll:	8.41239
epoch:	45	nll:	8.427587
epoch:	50	nll:	8.422695
epoch:	55	nll:	8.419998
epoch:	60	nll:	8.423652
epoch:	65	nll:	8.419951
epoch:	70	nll:	8.412213
epoch:	75	nll:	8.411
epoch:	80	nll:	8.41719
epoch:	85	nll:	8.412038
epoch:	90	nll:	8.433436
epoch:	95	nll:	8.415403
epoch:	100	nll:	8.416832
epoch:	105	nll:	8.415889
epoch:	110	nll:	8.419913
epoch:	115	nll:	8.437576
Start pre-training discriminator...
#########################################################################
Start Adversarial Training...
epoch:  0 nll:  8.388288
epoch:  1 nll:  8.488996
epoch:  2 nll:  8.339719
epoch:  3 nll:  8.378909
epoch:  4 nll:  8.416095
epoch:  5 nll:  8.351147
epoch:  6 nll:  8.3917
epoch:  7 nll:  8.389824
epoch:  8 nll:  8.36991
epoch:  9 nll:  8.386489
epoch:  10 nll:  8.371844
epoch:  11 nll:  8.373687
epoch:  12 nll:  8.330071
epoch:  13 nll:  8.30961
epoch:  14 nll:  8.358015
epoch:  15 nll:  8.392932
epoch:  16 nll:  8.331992
epoch:  17 nll:  8.361716
epoch:  18 nll:  8.380425
epoch:  19 nll:  8.332263
epoch:  20 nll:  8.416841
epoch:  21 nll:  8.420106
epoch:  22 nll:  8.413428
epoch:  23 nll:  8.370368
epoch:  24 nll:  8.353154
epoch:  25 nll:  8.4336405
epoch:  26 nll:  8.278801
epoch:  27 nll:  8.344674
epoch:  28 nll:  8.366882
epoch:  29 nll:  8.399749
epoch:  30 nll:  8.356538
epoch:  31 nll:  8.409167
epoch:  32 nll:  8.292701
epoch:  33 nll:  8.351244
epoch:  34 nll:  8.319314
epoch:  35 nll:  8.322442
epoch:  36 nll:  8.401057
epoch:  37 nll:  8.366226
epoch:  38 nll:  8.354602
epoch:  39 nll:  8.364699
epoch:  40 nll:  8.353944
epoch:  41 nll:  8.390716
epoch:  42 nll:  8.37933
epoch:  43 nll:  8.363258
epoch:  44 nll:  8.397846
epoch:  45 nll:  8.320191
epoch:  46 nll:  8.397522
epoch:  47 nll:  8.421118
epoch:  48 nll:  8.392526
epoch:  49 nll:  8.405986
epoch:  50 nll:  8.413476
epoch:  51 nll:  8.354479
epoch:  52 nll:  8.379228
epoch:  53 nll:  8.360757
epoch:  54 nll:  8.370067
epoch:  55 nll:  8.403386
epoch:  56 nll:  8.34504
epoch:  57 nll:  8.367638
epoch:  58 nll:  8.351871
epoch:  59 nll:  8.400279
epoch:  60 nll:  8.357047
epoch:  61 nll:  8.37329
epoch:  62 nll:  8.399456
epoch:  63 nll:  8.365111
epoch:  64 nll:  8.400352
epoch:  65 nll:  8.30333
epoch:  66 nll:  8.398474
epoch:  67 nll:  8.378098
epoch:  68 nll:  8.417792
epoch:  69 nll:  8.41717
epoch:  70 nll:  8.370246
epoch:  71 nll:  8.374366
epoch:  72 nll:  8.362283
epoch:  73 nll:  8.302133
epoch:  74 nll:  8.352187
epoch:  75 nll:  8.334336
epoch:  76 nll:  8.324258
epoch:  77 nll:  8.335151
epoch:  78 nll:  8.360291
epoch:  79 nll:  8.389298
epoch:  80 nll:  8.334348
epoch:  81 nll:  8.342244
epoch:  82 nll:  8.4254265
epoch:  83 nll:  8.358435
epoch:  84 nll:  8.313638
epoch:  85 nll:  8.349027
epoch:  86 nll:  8.322162
epoch:  87 nll:  8.349441
epoch:  88 nll:  8.362584
epoch:  89 nll:  8.423751
epoch:  90 nll:  8.346337
epoch:  91 nll:  8.374902
epoch:  92 nll:  8.303157
epoch:  93 nll:  8.360993
epoch:  94 nll:  8.291497
epoch:  95 nll:  8.353662
epoch:  96 nll:  8.316087
epoch:  97 nll:  8.440294
epoch:  98 nll:  8.373105
epoch:  99 nll:  8.267558
epoch:  100 nll:  8.371587
epoch:  101 nll:  8.415287
epoch:  102 nll:  8.359216
epoch:  103 nll:  8.336464
epoch:  104 nll:  8.340856
epoch:  105 nll:  8.397205
epoch:  106 nll:  8.322402
epoch:  107 nll:  8.348805
epoch:  108 nll:  8.395573
epoch:  109 nll:  8.363841
epoch:  110 nll:  8.380722
epoch:  111 nll:  8.41658
epoch:  112 nll:  8.405511
epoch:  113 nll:  8.434391
epoch:  114 nll:  8.437793
epoch:  115 nll:  8.362047
epoch:  116 nll:  8.468907
epoch:  117 nll:  8.396559
epoch:  118 nll:  8.382878
epoch:  119 nll:  8.4153
epoch:  120 nll:  8.425982
epoch:  121 nll:  8.422595
epoch:  122 nll:  8.358033
epoch:  123 nll:  8.430588
epoch:  124 nll:  8.372797
epoch:  125 nll:  8.42212
epoch:  126 nll:  8.449571
epoch:  127 nll:  8.373534
epoch:  128 nll:  8.408383
epoch:  129 nll:  8.46972
epoch:  130 nll:  8.407553
epoch:  131 nll:  8.331907
epoch:  132 nll:  8.38374
epoch:  133 nll:  8.393804
epoch:  134 nll:  8.384292
epoch:  135 nll:  8.456468
epoch:  136 nll:  8.406926
epoch:  137 nll:  8.443093
epoch:  138 nll:  8.428212
epoch:  139 nll:  8.367953
epoch:  140 nll:  8.500817
epoch:  141 nll:  8.462028
epoch:  142 nll:  8.415334
epoch:  143 nll:  8.35135
epoch:  144 nll:  8.428472
epoch:  145 nll:  8.4005575
epoch:  146 nll:  8.455215
epoch:  147 nll:  8.437312
epoch:  148 nll:  8.458973
epoch:  149 nll:  8.512674
