batch_size=32,z_size=64,seq_len=8,emb_dim=64,vocab_size=5000,hidden_dim=32,dropout_keep_prob=0.75,free_bits=0,encoder_learning_rate=0.01,enc_rnn_size=[32, 32],residual_encoder=True,dencoder_learning_rate=0.01,compute_rewards_step=1,dec_update_rate=0.8,rollout_num=16,dis_learning_rate=0.0001,dis_train_freq=5,dis_filter_sizes=[1, 2, 3, 4, 6, 8],dis_num_filters=[100, 200, 100, 200, 200, 100]
Start pre-training...
pre-train epoch  0 kl_loss:  1.523066 r_loss:  7.57063 nll:  9.387854
pre-train epoch  5 kl_loss:  0.3736498 r_loss:  6.380824 nll:  8.86743
pre-train epoch  10 kl_loss:  0.5415321 r_loss:  5.711044 nll:  8.729376
pre-train epoch  15 kl_loss:  0.09107383 r_loss:  5.279492 nll:  8.617588
pre-train epoch  20 kl_loss:  0.09520796 r_loss:  5.010765 nll:  8.587253
pre-train epoch  25 kl_loss:  0.012407769 r_loss:  4.8450856 nll:  8.534932
pre-train epoch  30 kl_loss:  0.024044825 r_loss:  4.7175756 nll:  8.557033
pre-train epoch  35 kl_loss:  0.0101215085 r_loss:  4.623084 nll:  8.529639
Start pre-training discriminator...
#########################################################################
Start Training...
epoch:  0 kl_loss:  0.0016983727 pg_loss:  210.66978 nll:  8.5409
epoch:  1 kl_loss:  0.020772584 pg_loss:  34.207478 nll:  8.527822
epoch:  2 kl_loss:  0.07289246 pg_loss:  76.381714 nll:  8.481366
epoch:  3 kl_loss:  0.11190112 pg_loss:  151.88188 nll:  8.490928
epoch:  4 kl_loss:  0.07371241 pg_loss:  73.51771 nll:  8.456559
epoch:  5 kl_loss:  0.027692266 pg_loss:  55.22152 nll:  8.412054
epoch:  6 kl_loss:  0.05299909 pg_loss:  45.106194 nll:  8.399393
epoch:  7 kl_loss:  0.15315703 pg_loss:  109.0334 nll:  8.408511
epoch:  8 kl_loss:  0.1949763 pg_loss:  139.31215 nll:  8.366383
epoch:  9 kl_loss:  0.14373595 pg_loss:  58.3309 nll:  8.3839245
epoch:  10 kl_loss:  0.088331394 pg_loss:  6.9172997 nll:  8.36266
epoch:  11 kl_loss:  0.0697234 pg_loss:  17.216919 nll:  8.35622
epoch:  12 kl_loss:  0.12453893 pg_loss:  81.64726 nll:  8.347231
epoch:  13 kl_loss:  0.18213888 pg_loss:  31.901157 nll:  8.333376
epoch:  14 kl_loss:  0.17813225 pg_loss:  49.23243 nll:  8.328209
epoch:  15 kl_loss:  0.11078343 pg_loss:  20.154541 nll:  8.316971
epoch:  16 kl_loss:  0.11127485 pg_loss:  24.958267 nll:  8.311953
epoch:  17 kl_loss:  0.07698493 pg_loss:  17.020626 nll:  8.332138
epoch:  18 kl_loss:  0.09936008 pg_loss:  15.444702 nll:  8.328216
epoch:  19 kl_loss:  0.087324806 pg_loss:  42.474182 nll:  8.336563
epoch:  20 kl_loss:  0.07704893 pg_loss:  13.578941 nll:  8.337435
epoch:  21 kl_loss:  0.08370355 pg_loss:  50.379833 nll:  8.330093
epoch:  22 kl_loss:  0.052129053 pg_loss:  36.08125 nll:  8.342466
epoch:  23 kl_loss:  0.040634647 pg_loss:  2.1654515 nll:  8.337709
epoch:  24 kl_loss:  0.04249768 pg_loss:  4.103589 nll:  8.3341675
epoch:  25 kl_loss:  0.09959755 pg_loss:  4.199359 nll:  8.345573
epoch:  26 kl_loss:  0.05296397 pg_loss:  64.058075 nll:  8.353492
epoch:  27 kl_loss:  0.029476523 pg_loss:  8.634901 nll:  8.342507
epoch:  28 kl_loss:  0.0251435 pg_loss:  4.356014 nll:  8.340869
epoch:  29 kl_loss:  0.032678355 pg_loss:  7.8829184 nll:  8.353773
epoch:  30 kl_loss:  0.02772762 pg_loss:  77.84799 nll:  8.359509
epoch:  31 kl_loss:  0.04106389 pg_loss:  5.478286 nll:  8.34673
epoch:  32 kl_loss:  0.047244832 pg_loss:  1.3260025 nll:  8.349173
epoch:  33 kl_loss:  0.056603085 pg_loss:  23.129648 nll:  8.344035
epoch:  34 kl_loss:  0.05444722 pg_loss:  18.23608 nll:  8.31785
epoch:  35 kl_loss:  0.045047417 pg_loss:  4.047755 nll:  8.335892
epoch:  36 kl_loss:  0.017578948 pg_loss:  2.4052308 nll:  8.333926
epoch:  37 kl_loss:  0.019213997 pg_loss:  4.7765665 nll:  8.321608
epoch:  38 kl_loss:  0.026322825 pg_loss:  0.22813979 nll:  8.323188
epoch:  39 kl_loss:  0.024992405 pg_loss:  4.9001265 nll:  8.3250885
epoch:  40 kl_loss:  0.04857795 pg_loss:  6.3471403 nll:  8.329599
epoch:  41 kl_loss:  0.066351 pg_loss:  6.9597306 nll:  8.28515
epoch:  42 kl_loss:  0.049964093 pg_loss:  11.689245 nll:  8.301504
epoch:  43 kl_loss:  0.028867915 pg_loss:  1.1183225 nll:  8.331039
epoch:  44 kl_loss:  0.011525486 pg_loss:  3.035339 nll:  8.309851
epoch:  45 kl_loss:  0.017604992 pg_loss:  9.119397 nll:  8.292841
epoch:  46 kl_loss:  0.025008615 pg_loss:  3.4769704 nll:  8.295728
epoch:  47 kl_loss:  0.028649755 pg_loss:  2.0548806 nll:  8.326527
epoch:  48 kl_loss:  0.02701383 pg_loss:  2.2140794 nll:  8.310307
epoch:  49 kl_loss:  0.016647607 pg_loss:  1.4641638 nll:  8.310238
epoch:  50 kl_loss:  0.0124929845 pg_loss:  2.061005 nll:  8.308752
epoch:  51 kl_loss:  0.008721563 pg_loss:  3.240689 nll:  8.28285
epoch:  52 kl_loss:  0.012567802 pg_loss:  3.698712 nll:  8.2844715
epoch:  53 kl_loss:  0.012997511 pg_loss:  6.8398 nll:  8.289351
epoch:  54 kl_loss:  0.013886146 pg_loss:  6.7431474 nll:  8.2745285
epoch:  55 kl_loss:  0.009633184 pg_loss:  10.626065 nll:  8.262107
epoch:  56 kl_loss:  0.0074319458 pg_loss:  5.794829 nll:  8.249084
epoch:  57 kl_loss:  0.0071103536 pg_loss:  3.9965475 nll:  8.250941
epoch:  58 kl_loss:  0.0064228275 pg_loss:  1.6752596 nll:  8.265291
epoch:  59 kl_loss:  0.007047579 pg_loss:  2.2047756 nll:  8.244121
epoch:  60 kl_loss:  0.0052829385 pg_loss:  4.2786117 nll:  8.239665
epoch:  61 kl_loss:  0.00471972 pg_loss:  3.3359714 nll:  8.253676
epoch:  62 kl_loss:  0.0045816395 pg_loss:  9.233543 nll:  8.231718
epoch:  63 kl_loss:  0.003098261 pg_loss:  1.9463689 nll:  8.243623
epoch:  64 kl_loss:  0.0061138384 pg_loss:  2.246886 nll:  8.214695
epoch:  65 kl_loss:  0.002992001 pg_loss:  1.9103746 nll:  8.214623
epoch:  66 kl_loss:  0.0028487258 pg_loss:  10.242664 nll:  8.190856
epoch:  67 kl_loss:  0.0026056136 pg_loss:  7.2598147 nll:  8.198069
epoch:  68 kl_loss:  0.0028458207 pg_loss:  4.859986 nll:  8.204597
epoch:  69 kl_loss:  0.01112332 pg_loss:  1.6316171 nll:  8.191551
epoch:  70 kl_loss:  0.0019873918 pg_loss:  0.9488807 nll:  8.160842
epoch:  71 kl_loss:  0.0024538587 pg_loss:  1.4361316 nll:  8.165435
epoch:  72 kl_loss:  0.0015476365 pg_loss:  11.115871 nll:  8.172124
epoch:  73 kl_loss:  0.001451238 pg_loss:  3.1789527 nll:  8.150511
epoch:  74 kl_loss:  0.0013668664 pg_loss:  18.771015 nll:  8.134535
epoch:  75 kl_loss:  0.0019019248 pg_loss:  1.962717 nll:  8.1426115
epoch:  76 kl_loss:  0.001933586 pg_loss:  3.0404572 nll:  8.106134
epoch:  77 kl_loss:  0.00094715087 pg_loss:  3.286509 nll:  8.100154
epoch:  78 kl_loss:  0.00085933536 pg_loss:  6.2955327 nll:  8.088122
epoch:  79 kl_loss:  0.012905927 pg_loss:  0.63379633 nll:  8.070201
epoch:  80 kl_loss:  0.032335952 pg_loss:  9.842221 nll:  8.0976095
epoch:  81 kl_loss:  0.015753055 pg_loss:  0.16992728 nll:  8.05501
epoch:  82 kl_loss:  0.029953573 pg_loss:  2.745005 nll:  8.067411
epoch:  83 kl_loss:  0.01572796 pg_loss:  2.4294655 nll:  8.029265
epoch:  84 kl_loss:  0.0038512438 pg_loss:  0.6668578 nll:  7.9978075
epoch:  85 kl_loss:  0.00076940574 pg_loss:  2.4856179 nll:  7.9809275
epoch:  86 kl_loss:  0.03600634 pg_loss:  11.5737915 nll:  7.9781165
epoch:  87 kl_loss:  0.02359879 pg_loss:  8.806476 nll:  7.9557657
epoch:  88 kl_loss:  0.01640392 pg_loss:  6.5817604 nll:  7.9237437
epoch:  89 kl_loss:  0.024026211 pg_loss:  14.999274 nll:  7.9282193
epoch:  90 kl_loss:  0.048604533 pg_loss:  2.0959973 nll:  7.8985143
epoch:  91 kl_loss:  0.04227489 pg_loss:  1.3768153 nll:  7.910264
epoch:  92 kl_loss:  0.012571838 pg_loss:  2.759818 nll:  7.904315
epoch:  93 kl_loss:  0.017699488 pg_loss:  8.161241 nll:  7.8932505
epoch:  94 kl_loss:  0.010735179 pg_loss:  4.084855 nll:  7.878158
epoch:  95 kl_loss:  0.009699704 pg_loss:  2.144565 nll:  7.8682594
epoch:  96 kl_loss:  0.009262558 pg_loss:  6.4777303 nll:  7.850404
epoch:  97 kl_loss:  0.005816522 pg_loss:  12.8994 nll:  7.85033
epoch:  98 kl_loss:  0.0093152495 pg_loss:  0.6199717 nll:  7.818633
epoch:  99 kl_loss:  0.006679755 pg_loss:  0.17175326 nll:  7.839897
epoch:  100 kl_loss:  0.010248439 pg_loss:  2.6872466 nll:  7.8108487
epoch:  101 kl_loss:  0.030861719 pg_loss:  4.5564437 nll:  7.816625
epoch:  102 kl_loss:  0.0027841944 pg_loss:  11.024507 nll:  7.803032
epoch:  103 kl_loss:  0.018271873 pg_loss:  0.58391404 nll:  7.8142138
epoch:  104 kl_loss:  0.006915358 pg_loss:  1.7540492 nll:  7.793065
epoch:  105 kl_loss:  0.0011808653 pg_loss:  5.8908052 nll:  7.7947607
epoch:  106 kl_loss:  0.016368523 pg_loss:  1.0396316 nll:  7.7977357
epoch:  107 kl_loss:  0.016593976 pg_loss:  11.607339 nll:  7.7785473
epoch:  108 kl_loss:  0.03336542 pg_loss:  1.554642 nll:  7.7922964
epoch:  109 kl_loss:  0.010327717 pg_loss:  1.5986774 nll:  7.793607
epoch:  110 kl_loss:  0.0059721735 pg_loss:  0.32136306 nll:  7.79636
epoch:  111 kl_loss:  0.0057870494 pg_loss:  0.7989269 nll:  7.7796817
epoch:  112 kl_loss:  0.0034671947 pg_loss:  1.8989952 nll:  7.753938
epoch:  113 kl_loss:  0.004388766 pg_loss:  1.1312927 nll:  7.778098
epoch:  114 kl_loss:  0.006069975 pg_loss:  5.9529877 nll:  7.7653775
epoch:  115 kl_loss:  0.0065693967 pg_loss:  0.15168649 nll:  7.7552304
epoch:  116 kl_loss:  0.0032769374 pg_loss:  12.457966 nll:  7.7738028
epoch:  117 kl_loss:  0.006224886 pg_loss:  0.6387825 nll:  7.7585497
epoch:  118 kl_loss:  0.0030339593 pg_loss:  18.029453 nll:  7.7357373
epoch:  119 kl_loss:  0.0030418197 pg_loss:  0.64705646 nll:  7.76406
epoch:  120 kl_loss:  0.002473305 pg_loss:  0.37674248 nll:  7.752318
epoch:  121 kl_loss:  0.0028865226 pg_loss:  0.56345236 nll:  7.788854
epoch:  122 kl_loss:  0.0037545972 pg_loss:  1.9899242 nll:  7.7511096
epoch:  123 kl_loss:  0.0024737495 pg_loss:  2.3601193 nll:  7.759595
epoch:  124 kl_loss:  0.0029945965 pg_loss:  2.8532176 nll:  7.7933993
epoch:  125 kl_loss:  0.0025343688 pg_loss:  4.469419 nll:  7.7847743
epoch:  126 kl_loss:  0.001207401 pg_loss:  2.2498791 nll:  7.7757435
epoch:  127 kl_loss:  0.001226446 pg_loss:  0.113587745 nll:  7.7956786
epoch:  128 kl_loss:  0.0014587122 pg_loss:  1.8619286 nll:  7.7780786
epoch:  129 kl_loss:  0.0011522921 pg_loss:  0.1692513 nll:  7.8062277
epoch:  130 kl_loss:  0.0035542124 pg_loss:  1.9667608 nll:  7.815393
epoch:  131 kl_loss:  0.001434729 pg_loss:  1.2033575 nll:  7.767212
epoch:  132 kl_loss:  0.0007357678 pg_loss:  5.3163943 nll:  7.7772937
epoch:  133 kl_loss:  0.0010462869 pg_loss:  4.3492546 nll:  7.792893
epoch:  134 kl_loss:  0.007578383 pg_loss:  2.641313 nll:  7.754716
epoch:  135 kl_loss:  0.0007435676 pg_loss:  2.465355 nll:  7.7224026
epoch:  136 kl_loss:  0.00050581066 pg_loss:  0.5695109 nll:  7.740663
epoch:  137 kl_loss:  0.00069816114 pg_loss:  8.498017 nll:  7.7070165
epoch:  138 kl_loss:  0.0018485412 pg_loss:  0.034321252 nll:  7.710886
epoch:  139 kl_loss:  0.000518193 pg_loss:  0.73524266 nll:  7.7329965
epoch:  140 kl_loss:  0.00035744323 pg_loss:  23.047495 nll:  7.721938
epoch:  141 kl_loss:  0.00049574627 pg_loss:  0.8089236 nll:  7.735746
epoch:  142 kl_loss:  0.00883739 pg_loss:  2.7720947 nll:  7.730907
epoch:  143 kl_loss:  0.00087067625 pg_loss:  0.22127235 nll:  7.7815075
epoch:  144 kl_loss:  0.00059182267 pg_loss:  1.0148367 nll:  7.7383714
epoch:  145 kl_loss:  0.00046670577 pg_loss:  0.06739829 nll:  7.782876
epoch:  146 kl_loss:  0.00062038517 pg_loss:  2.3876414 nll:  7.7747145
epoch:  147 kl_loss:  0.0005112433 pg_loss:  1.5755266 nll:  7.753617
epoch:  148 kl_loss:  0.00026856572 pg_loss:  0.044314615 nll:  7.7707357
epoch:  149 kl_loss:  0.00015205258 pg_loss:  4.664059 nll:  7.7648582
epoch:  150 kl_loss:  0.0001955016 pg_loss:  1.1505241 nll:  7.7489786
epoch:  151 kl_loss:  0.00038902697 pg_loss:  1.3981855 nll:  7.7615647
epoch:  152 kl_loss:  0.00032186846 pg_loss:  4.757899 nll:  7.749435
epoch:  153 kl_loss:  0.00029204675 pg_loss:  1.2997694 nll:  7.7588205
epoch:  154 kl_loss:  0.00043491635 pg_loss:  35.226597 nll:  7.7842455
epoch:  155 kl_loss:  0.0004167048 pg_loss:  0.8965534 nll:  7.795187
epoch:  156 kl_loss:  9.6698524e-05 pg_loss:  1.9202425 nll:  7.782306
epoch:  157 kl_loss:  0.008920718 pg_loss:  0.4805418 nll:  7.8216805
epoch:  158 kl_loss:  0.018801732 pg_loss:  9.038765 nll:  7.7796144
epoch:  159 kl_loss:  0.043241143 pg_loss:  19.702728 nll:  7.7796817
epoch:  160 kl_loss:  0.020285413 pg_loss:  6.5217934 nll:  7.821857
epoch:  161 kl_loss:  0.013402771 pg_loss:  11.073334 nll:  7.7312937
epoch:  162 kl_loss:  0.007773762 pg_loss:  1.7058553 nll:  7.7121487
epoch:  163 kl_loss:  0.003934116 pg_loss:  0.71543354 nll:  7.6768026
epoch:  164 kl_loss:  0.007950598 pg_loss:  0.6693071 nll:  7.6882505
epoch:  165 kl_loss:  0.0017584978 pg_loss:  0.2904788 nll:  7.6919603
epoch:  166 kl_loss:  0.032061666 pg_loss:  0.6958535 nll:  7.694869
epoch:  167 kl_loss:  0.007164876 pg_loss:  4.253189 nll:  7.6589575
epoch:  168 kl_loss:  0.010248718 pg_loss:  0.15187253 nll:  7.6547556
epoch:  169 kl_loss:  0.006380682 pg_loss:  3.1570337 nll:  7.6458154
epoch:  170 kl_loss:  0.00509719 pg_loss:  0.017471014 nll:  7.663213
epoch:  171 kl_loss:  0.0037730904 pg_loss:  4.369253 nll:  7.6369834
epoch:  172 kl_loss:  0.002828491 pg_loss:  20.696127 nll:  7.629116
epoch:  173 kl_loss:  0.001297457 pg_loss:  2.7062178 nll:  7.6537924
epoch:  174 kl_loss:  0.0050623803 pg_loss:  2.4668944 nll:  7.6660376
epoch:  175 kl_loss:  0.043780185 pg_loss:  0.12291168 nll:  7.65489
epoch:  176 kl_loss:  0.0038264638 pg_loss:  0.21646929 nll:  7.628378
epoch:  177 kl_loss:  0.0022427847 pg_loss:  4.231986 nll:  7.6394553
epoch:  178 kl_loss:  0.005131983 pg_loss:  12.657307 nll:  7.637539
epoch:  179 kl_loss:  0.0011279364 pg_loss:  0.19866653 nll:  7.65243
epoch:  180 kl_loss:  0.0006764933 pg_loss:  164.04692 nll:  7.636843
epoch:  181 kl_loss:  0.007933272 pg_loss:  2.4957683 nll:  7.6662087
epoch:  182 kl_loss:  0.007566948 pg_loss:  1.0327492 nll:  7.6599417
epoch:  183 kl_loss:  0.00775287 pg_loss:  0.62727106 nll:  7.6404495
epoch:  184 kl_loss:  0.0035783958 pg_loss:  0.9776503 nll:  7.6436954
epoch:  185 kl_loss:  0.00546721 pg_loss:  1.7540427 nll:  7.644927
epoch:  186 kl_loss:  0.0027737874 pg_loss:  2.4705598 nll:  7.6466627
epoch:  187 kl_loss:  0.0045011626 pg_loss:  1.2510424 nll:  7.668169
epoch:  188 kl_loss:  0.0019981565 pg_loss:  5.4089756 nll:  7.6772537
epoch:  189 kl_loss:  0.014976757 pg_loss:  4.0095553 nll:  7.684373
epoch:  190 kl_loss:  0.0047972547 pg_loss:  6.3241186 nll:  7.697064
epoch:  191 kl_loss:  0.006801218 pg_loss:  0.049844436 nll:  7.71391
epoch:  192 kl_loss:  0.0016734132 pg_loss:  2.0933216 nll:  7.7275534
epoch:  193 kl_loss:  0.0020390972 pg_loss:  1.4759406 nll:  7.7246227
epoch:  194 kl_loss:  0.0021610644 pg_loss:  1.3353308 nll:  7.761681
epoch:  195 kl_loss:  0.0068678977 pg_loss:  0.80133873 nll:  7.6867347
epoch:  196 kl_loss:  0.0084177395 pg_loss:  0.60670507 nll:  7.7176943
epoch:  197 kl_loss:  0.006983849 pg_loss:  0.18996438 nll:  7.7368956
epoch:  198 kl_loss:  0.004145324 pg_loss:  0.65563726 nll:  7.7325034
epoch:  199 kl_loss:  0.0023271474 pg_loss:  2.9674113 nll:  7.7357225
epoch:  200 kl_loss:  0.0009265392 pg_loss:  1.2424614 nll:  7.7319264
epoch:  201 kl_loss:  0.00044239708 pg_loss:  0.22139348 nll:  7.7424674
epoch:  202 kl_loss:  0.0022092112 pg_loss:  2.0111113 nll:  7.725896
epoch:  203 kl_loss:  0.0048449626 pg_loss:  7.917102 nll:  7.7264047
epoch:  204 kl_loss:  0.0039521772 pg_loss:  4.763521 nll:  7.7319922
epoch:  205 kl_loss:  0.030382292 pg_loss:  1.3461565 nll:  7.759994
epoch:  206 kl_loss:  0.07779475 pg_loss:  4.7810063 nll:  7.7475038
epoch:  207 kl_loss:  0.080647096 pg_loss:  0.30895552 nll:  7.796863
epoch:  208 kl_loss:  0.047971375 pg_loss:  1.9201778 nll:  7.754165
epoch:  209 kl_loss:  0.0141764255 pg_loss:  2.8944995 nll:  7.75549
epoch:  210 kl_loss:  0.0047859885 pg_loss:  3.4837563 nll:  7.747056
epoch:  211 kl_loss:  0.02231799 pg_loss:  1.0741055 nll:  7.756285
epoch:  212 kl_loss:  0.04069714 pg_loss:  1.5078071 nll:  7.7359886
epoch:  213 kl_loss:  0.04013937 pg_loss:  0.43761712 nll:  7.7128515
epoch:  214 kl_loss:  0.021345843 pg_loss:  0.30247796 nll:  7.6786685
epoch:  215 kl_loss:  0.008532373 pg_loss:  4.133536 nll:  7.6715026
epoch:  216 kl_loss:  0.016190775 pg_loss:  1.241761 nll:  7.7278404
epoch:  217 kl_loss:  0.013483336 pg_loss:  3.3843036 nll:  7.622842
epoch:  218 kl_loss:  0.017814977 pg_loss:  0.14219654 nll:  7.620172
epoch:  219 kl_loss:  0.016640302 pg_loss:  1.4930631 nll:  7.561382
epoch:  220 kl_loss:  0.011343247 pg_loss:  1.3064611 nll:  7.5367393
epoch:  221 kl_loss:  0.0069908635 pg_loss:  1.0522043 nll:  7.5052395
epoch:  222 kl_loss:  0.00574089 pg_loss:  4.579532 nll:  7.509285
epoch:  223 kl_loss:  0.007401474 pg_loss:  0.03099538 nll:  7.422184
epoch:  224 kl_loss:  0.008698336 pg_loss:  1.5293907 nll:  7.4624147
epoch:  225 kl_loss:  0.0073063294 pg_loss:  0.025360974 nll:  7.443214
epoch:  226 kl_loss:  0.0055800173 pg_loss:  1.4529798 nll:  7.441159
epoch:  227 kl_loss:  0.00544464 pg_loss:  1.8561484 nll:  7.4216495
epoch:  228 kl_loss:  0.01509513 pg_loss:  4.9020824 nll:  7.445843
epoch:  229 kl_loss:  0.017531447 pg_loss:  3.1331155 nll:  7.4260583
epoch:  230 kl_loss:  0.018152777 pg_loss:  0.02407658 nll:  7.419186
epoch:  231 kl_loss:  0.011971465 pg_loss:  1.6231053 nll:  7.437867
epoch:  232 kl_loss:  0.005750218 pg_loss:  9.78646 nll:  7.4330273
epoch:  233 kl_loss:  0.003326088 pg_loss:  0.02095096 nll:  7.396885
epoch:  234 kl_loss:  0.005825146 pg_loss:  0.27950084 nll:  7.4095263
epoch:  235 kl_loss:  0.008171003 pg_loss:  2.4176176 nll:  7.4831796
epoch:  236 kl_loss:  0.00824973 pg_loss:  0.0055322363 nll:  7.4444275
epoch:  237 kl_loss:  0.005342393 pg_loss:  2.413415 nll:  7.4393954
epoch:  238 kl_loss:  0.00372353 pg_loss:  0.020767337 nll:  7.4774303
epoch:  239 kl_loss:  0.0026931171 pg_loss:  1.2935095 nll:  7.4510465
epoch:  240 kl_loss:  0.0032581217 pg_loss:  0.98554415 nll:  7.502759
epoch:  241 kl_loss:  0.004396246 pg_loss:  3.8041816 nll:  7.467903
epoch:  242 kl_loss:  0.003737433 pg_loss:  0.009859835 nll:  7.4675794
epoch:  243 kl_loss:  0.0029265466 pg_loss:  0.1203507 nll:  7.457684
epoch:  244 kl_loss:  0.0019646809 pg_loss:  1.0283098 nll:  7.5165067
epoch:  245 kl_loss:  0.0023009186 pg_loss:  1.2943845 nll:  7.483274
epoch:  246 kl_loss:  0.0020259975 pg_loss:  1.0698639 nll:  7.4765406
epoch:  247 kl_loss:  0.0017856117 pg_loss:  0.72257143 nll:  7.5060353
epoch:  248 kl_loss:  0.0016272994 pg_loss:  0.016606947 nll:  7.5359397
epoch:  249 kl_loss:  0.00148746 pg_loss:  8.575616 nll:  7.5156565
epoch:  250 kl_loss:  0.0016968776 pg_loss:  0.74678093 nll:  7.4969497
epoch:  251 kl_loss:  0.0011470575 pg_loss:  3.3685038 nll:  7.468949
epoch:  252 kl_loss:  0.0014239151 pg_loss:  0.11416894 nll:  7.440554
epoch:  253 kl_loss:  0.0020335265 pg_loss:  1.9607633 nll:  7.4531703
epoch:  254 kl_loss:  0.0022710185 pg_loss:  0.059003238 nll:  7.403777
epoch:  255 kl_loss:  0.0023317987 pg_loss:  0.830127 nll:  7.4227624
epoch:  256 kl_loss:  0.0014615161 pg_loss:  5.7705135 nll:  7.4104676
epoch:  257 kl_loss:  0.0010418273 pg_loss:  1.748101 nll:  7.427232
epoch:  258 kl_loss:  0.0010417524 pg_loss:  2.104918 nll:  7.3961935
epoch:  259 kl_loss:  0.0013784978 pg_loss:  0.40408224 nll:  7.403882
epoch:  260 kl_loss:  0.0039207065 pg_loss:  1.8777502 nll:  7.442836
epoch:  261 kl_loss:  0.0013754123 pg_loss:  2.743639 nll:  7.417266
epoch:  262 kl_loss:  0.00081733987 pg_loss:  2.7389557 nll:  7.450989
epoch:  263 kl_loss:  0.00067946233 pg_loss:  0.028644882 nll:  7.4002542
epoch:  264 kl_loss:  0.0064806095 pg_loss:  0.473435 nll:  7.4370556
epoch:  265 kl_loss:  0.0010551969 pg_loss:  2.8233302 nll:  7.410571
epoch:  266 kl_loss:  0.0006613459 pg_loss:  6.9735155 nll:  7.4361715
epoch:  267 kl_loss:  0.0010740034 pg_loss:  2.2153053 nll:  7.4603944
epoch:  268 kl_loss:  0.00076320185 pg_loss:  0.29240173 nll:  7.4660754
epoch:  269 kl_loss:  0.00042521046 pg_loss:  2.0858026 nll:  7.485128
epoch:  270 kl_loss:  0.00038614083 pg_loss:  1.9948475 nll:  7.5189075
epoch:  271 kl_loss:  0.016608346 pg_loss:  1.3994505 nll:  7.5237174
epoch:  272 kl_loss:  0.0005917556 pg_loss:  0.7456129 nll:  7.557701
epoch:  273 kl_loss:  0.00066756364 pg_loss:  0.025329772 nll:  7.5782156
epoch:  274 kl_loss:  0.00037896063 pg_loss:  4.0692654 nll:  7.603486
epoch:  275 kl_loss:  0.00048783395 pg_loss:  6.1672516 nll:  7.605093
epoch:  276 kl_loss:  0.004653451 pg_loss:  50.090572 nll:  7.6076303
epoch:  277 kl_loss:  0.013487609 pg_loss:  1.8165492 nll:  7.616837
epoch:  278 kl_loss:  0.016169254 pg_loss:  1.6485404 nll:  7.6385546
epoch:  279 kl_loss:  0.01060685 pg_loss:  1.8816645 nll:  7.556207
epoch:  280 kl_loss:  0.0050878935 pg_loss:  2.2937117 nll:  7.558966
epoch:  281 kl_loss:  0.0037593402 pg_loss:  1.3790506 nll:  7.580382
epoch:  282 kl_loss:  0.004315557 pg_loss:  10.9203615 nll:  7.583434
epoch:  283 kl_loss:  0.007350237 pg_loss:  0.037148003 nll:  7.6166024
epoch:  284 kl_loss:  0.007301316 pg_loss:  0.87549603 nll:  7.594937
epoch:  285 kl_loss:  0.005433132 pg_loss:  0.9413204 nll:  7.5939255
epoch:  286 kl_loss:  0.002124803 pg_loss:  3.787212 nll:  7.655776
epoch:  287 kl_loss:  0.051042207 pg_loss:  0.01652829 nll:  7.6432557
epoch:  288 kl_loss:  0.16572368 pg_loss:  4.751062 nll:  7.6789246
epoch:  289 kl_loss:  0.1640194 pg_loss:  0.1769377 nll:  7.6930385
epoch:  290 kl_loss:  0.109402224 pg_loss:  8.154489 nll:  7.736893
epoch:  291 kl_loss:  0.036141273 pg_loss:  3.7844257 nll:  7.6711283
epoch:  292 kl_loss:  0.01243847 pg_loss:  1.8390919 nll:  7.705902
epoch:  293 kl_loss:  0.066888735 pg_loss:  1.9323797 nll:  7.710581
epoch:  294 kl_loss:  0.08665508 pg_loss:  8.065855 nll:  7.7371683
epoch:  295 kl_loss:  0.08772321 pg_loss:  5.602117 nll:  7.7065053
epoch:  296 kl_loss:  0.053146526 pg_loss:  0.06496876 nll:  7.733901
epoch:  297 kl_loss:  0.023618262 pg_loss:  0.11187612 nll:  7.741096
epoch:  298 kl_loss:  0.0155754415 pg_loss:  6.5447984 nll:  7.722224
epoch:  299 kl_loss:  0.027570326 pg_loss:  0.023190107 nll:  7.730378
